#
# There is insufficient memory for the Java Runtime Environment to continue.
# Native memory allocation (malloc) failed to allocate 55376 bytes for Chunk::new
# Possible reasons:
#   The system is out of physical RAM or swap space
#   The process is running with CompressedOops enabled, and the Java Heap may be blocking the growth of the native heap
# Possible solutions:
#   Reduce memory load on the system
#   Increase physical memory or swap space
#   Check if swap backing store is full
#   Decrease Java heap size (-Xmx/-Xms)
#   Decrease number of Java threads
#   Decrease Java thread stack sizes (-Xss)
#   Set larger code cache with -XX:ReservedCodeCacheSize=
#   JVM is running with Unscaled Compressed Oops mode in which the Java heap is
#     placed in the first 4GB address space. The Java Heap base address is the
#     maximum limit for the native heap growth. Please use -XX:HeapBaseMinAddress
#     to set the Java Heap base and to place the Java Heap above 4GB virtual address.
# This output file may be truncated or incomplete.
#
#  Out of Memory Error (arena.cpp:189), pid=23488, tid=22912
#
# JRE version: Java(TM) SE Runtime Environment (17.0.7+8) (build 17.0.7+8-LTS-224)
# Java VM: Java HotSpot(TM) 64-Bit Server VM (17.0.7+8-LTS-224, mixed mode, sharing, tiered, compressed oops, compressed class ptrs, g1 gc, windows-amd64)
# No core dump will be written. Minidumps are not enabled by default on client versions of Windows
#

---------------  S U M M A R Y ------------

Command Line: -Dfile.encoding=UTF-8 --module-path=C:\Users\HP\Documents\NetBeansProjects\hospitalmanagementsystem\build\classes hospitalmanagementsystem.PatientInfo

Host: AMD Athlon Silver 3050U with Radeon Graphics   , 2 cores, 5G,  Windows 11 , 64 bit Build 22621 (10.0.22621.2506)
Time: Sun Feb 11 20:07:48 2024 India Standard Time elapsed time: 0.478090 seconds (0d 0h 0m 0s)

---------------  T H R E A D  ---------------

Current thread (0x000001df4f0943b0):  JavaThread "C2 CompilerThread0" daemon [_thread_in_native, id=22912, stack(0x0000005823a00000,0x0000005823b00000)]


Current CompileTask:
C2:    478  382       4       jdk.internal.org.objectweb.asm.ByteVector::putUTF8 (144 bytes)

Stack: [0x0000005823a00000,0x0000005823b00000]
Native frames: (J=compiled Java code, j=interpreted, Vv=VM code, C=native code)
V  [jvm.dll+0x676a4a]
V  [jvm.dll+0x7d74f4]
V  [jvm.dll+0x7d8c9e]
V  [jvm.dll+0x7d9303]
V  [jvm.dll+0x2452c5]
V  [jvm.dll+0xaaa2b]
V  [jvm.dll+0xaafcc]
V  [jvm.dll+0x2aac2f]
V  [jvm.dll+0x57f375]
V  [jvm.dll+0x2205f2]
V  [jvm.dll+0x2196cd]
V  [jvm.dll+0x216df9]
V  [jvm.dll+0x1a35e0]
V  [jvm.dll+0x226a6e]
V  [jvm.dll+0x224e15]
V  [jvm.dll+0x78d05c]
V  [jvm.dll+0x78759a]
V  [jvm.dll+0x675875]
C  [ucrtbase.dll+0x29363]
C  [KERNEL32.DLL+0x1257d]
C  [ntdll.dll+0x5aa58]


---------------  P R O C E S S  ---------------

Threads class SMR info:
_java_thread_list=0x000001df4feadb60, length=14, elements={
0x000001df32f07f10, 0x000001df4f079240, 0x000001df4f07af60, 0x000001df4f08d680,
0x000001df4f08e230, 0x000001df4f08ede0, 0x000001df4f0917a0, 0x000001df4f0943b0,
0x000001df4f096d70, 0x000001df4f097670, 0x000001df4f06cc50, 0x000001df4fd270e0,
0x000001df4feb8110, 0x000001df4fe7d7a0
}

Java Threads: ( => current thread )
  0x000001df32f07f10 JavaThread "main" [_thread_in_vm, id=20216, stack(0x0000005822c00000,0x0000005822d00000)]
  0x000001df4f079240 JavaThread "Reference Handler" daemon [_thread_blocked, id=21984, stack(0x0000005823400000,0x0000005823500000)]
  0x000001df4f07af60 JavaThread "Finalizer" daemon [_thread_blocked, id=21996, stack(0x0000005823500000,0x0000005823600000)]
  0x000001df4f08d680 JavaThread "Signal Dispatcher" daemon [_thread_blocked, id=5396, stack(0x0000005823600000,0x0000005823700000)]
  0x000001df4f08e230 JavaThread "Attach Listener" daemon [_thread_blocked, id=21612, stack(0x0000005823700000,0x0000005823800000)]
  0x000001df4f08ede0 JavaThread "Service Thread" daemon [_thread_blocked, id=22008, stack(0x0000005823800000,0x0000005823900000)]
  0x000001df4f0917a0 JavaThread "Monitor Deflation Thread" daemon [_thread_blocked, id=1592, stack(0x0000005823900000,0x0000005823a00000)]
=>0x000001df4f0943b0 JavaThread "C2 CompilerThread0" daemon [_thread_in_native, id=22912, stack(0x0000005823a00000,0x0000005823b00000)]
  0x000001df4f096d70 JavaThread "C1 CompilerThread0" daemon [_thread_blocked, id=20860, stack(0x0000005823b00000,0x0000005823c00000)]
  0x000001df4f097670 JavaThread "Sweeper thread" daemon [_thread_blocked, id=19820, stack(0x0000005823c00000,0x0000005823d00000)]
  0x000001df4f06cc50 JavaThread "Common-Cleaner" daemon [_thread_blocked, id=18364, stack(0x0000005823d00000,0x0000005823e00000)]
  0x000001df4fd270e0 JavaThread "Notification Thread" daemon [_thread_blocked, id=20004, stack(0x0000005823e00000,0x0000005823f00000)]
  0x000001df4feb8110 JavaThread "Java2D Disposer" daemon [_thread_blocked, id=23300, stack(0x0000005824000000,0x0000005824100000)]
  0x000001df4fe7d7a0 JavaThread "AWT-Shutdown" [_thread_blocked, id=22016, stack(0x0000005824100000,0x0000005824200000)]

Other Threads:
  0x000001df4f073830 VMThread "VM Thread" [stack: 0x0000005823300000,0x0000005823400000] [id=20372]
  0x000001df4fd1ae30 WatcherThread [stack: 0x0000005823f00000,0x0000005824000000] [id=22024]
  0x000001df32f53fe0 GCTaskThread "GC Thread#0" [stack: 0x0000005822e00000,0x0000005822f00000] [id=22032]
  0x000001df32f60d60 ConcurrentGCThread "G1 Main Marker" [stack: 0x0000005822f00000,0x0000005823000000] [id=22340]
  0x000001df32f61770 ConcurrentGCThread "G1 Conc#0" [stack: 0x0000005823000000,0x0000005823100000] [id=22184]
  0x000001df32fbb970 ConcurrentGCThread "G1 Refine#0" [stack: 0x0000005823100000,0x0000005823200000] [id=22036]
  0x000001df32fbc390 ConcurrentGCThread "G1 Service" [stack: 0x0000005823200000,0x0000005823300000] [id=22028]

Threads with active compile tasks:
C2 CompilerThread0      499  382       4       jdk.internal.org.objectweb.asm.ByteVector::putUTF8 (144 bytes)

VM state: not at safepoint (normal execution)

VM Mutex/Monitor currently owned by a thread:  ([mutex/lock_event])
[0x000001df32f05820] Threads_lock - owner thread: 0x000001df32f07f10

Heap address: 0x00000000a0e00000, size: 1522 MB, Compressed Oops mode: 32-bit

CDS archive(s) mapped at: [0x0000000800000000-0x0000000800bd0000-0x0000000800bd0000), size 12386304, SharedBaseAddress: 0x0000000800000000, ArchiveRelocationMode: 0.
Compressed class space mapped at: 0x0000000800c00000-0x0000000840c00000, reserved size: 1073741824
Narrow klass base: 0x0000000800000000, Narrow klass shift: 0, Narrow klass range: 0x100000000

GC Precious Log:
 CPUs: 2 total, 2 available
 Memory: 6086M
 Large Page Support: Disabled
 NUMA Support: Disabled
 Compressed Oops: Enabled (32-bit)
 Heap Region Size: 1M
 Heap Min Capacity: 8M
 Heap Initial Capacity: 96M
 Heap Max Capacity: 1522M
 Pre-touch: Disabled
 Parallel Workers: 2
 Concurrent Workers: 1
 Concurrent Refinement Workers: 2
 Periodic GC: Disabled

Heap:
 garbage-first heap   total 98304K, used 2048K [0x00000000a0e00000, 0x0000000100000000)
  region size 1024K, 3 young (3072K), 0 survivors (0K)
 Metaspace       used 2716K, committed 2880K, reserved 1056768K
  class space    used 259K, committed 320K, reserved 1048576K

Heap Regions: E=young(eden), S=young(survivor), O=old, HS=humongous(starts), HC=humongous(continues), CS=collection set, F=free, OA=open archive, CA=closed archive, TAMS=top-at-mark-start (previous, next)
|   0|0x00000000a0e00000, 0x00000000a0e00000, 0x00000000a0f00000|  0%| F|  |TAMS 0x00000000a0e00000, 0x00000000a0e00000| Untracked 
|   1|0x00000000a0f00000, 0x00000000a0f00000, 0x00000000a1000000|  0%| F|  |TAMS 0x00000000a0f00000, 0x00000000a0f00000| Untracked 
|   2|0x00000000a1000000, 0x00000000a1000000, 0x00000000a1100000|  0%| F|  |TAMS 0x00000000a1000000, 0x00000000a1000000| Untracked 
|   3|0x00000000a1100000, 0x00000000a1100000, 0x00000000a1200000|  0%| F|  |TAMS 0x00000000a1100000, 0x00000000a1100000| Untracked 
|   4|0x00000000a1200000, 0x00000000a1200000, 0x00000000a1300000|  0%| F|  |TAMS 0x00000000a1200000, 0x00000000a1200000| Untracked 
|   5|0x00000000a1300000, 0x00000000a1300000, 0x00000000a1400000|  0%| F|  |TAMS 0x00000000a1300000, 0x00000000a1300000| Untracked 
|   6|0x00000000a1400000, 0x00000000a1400000, 0x00000000a1500000|  0%| F|  |TAMS 0x00000000a1400000, 0x00000000a1400000| Untracked 
|   7|0x00000000a1500000, 0x00000000a1500000, 0x00000000a1600000|  0%| F|  |TAMS 0x00000000a1500000, 0x00000000a1500000| Untracked 
|   8|0x00000000a1600000, 0x00000000a1600000, 0x00000000a1700000|  0%| F|  |TAMS 0x00000000a1600000, 0x00000000a1600000| Untracked 
|   9|0x00000000a1700000, 0x00000000a1700000, 0x00000000a1800000|  0%| F|  |TAMS 0x00000000a1700000, 0x00000000a1700000| Untracked 
|  10|0x00000000a1800000, 0x00000000a1800000, 0x00000000a1900000|  0%| F|  |TAMS 0x00000000a1800000, 0x00000000a1800000| Untracked 
|  11|0x00000000a1900000, 0x00000000a1900000, 0x00000000a1a00000|  0%| F|  |TAMS 0x00000000a1900000, 0x00000000a1900000| Untracked 
|  12|0x00000000a1a00000, 0x00000000a1a00000, 0x00000000a1b00000|  0%| F|  |TAMS 0x00000000a1a00000, 0x00000000a1a00000| Untracked 
|  13|0x00000000a1b00000, 0x00000000a1b00000, 0x00000000a1c00000|  0%| F|  |TAMS 0x00000000a1b00000, 0x00000000a1b00000| Untracked 
|  14|0x00000000a1c00000, 0x00000000a1c00000, 0x00000000a1d00000|  0%| F|  |TAMS 0x00000000a1c00000, 0x00000000a1c00000| Untracked 
|  15|0x00000000a1d00000, 0x00000000a1d00000, 0x00000000a1e00000|  0%| F|  |TAMS 0x00000000a1d00000, 0x00000000a1d00000| Untracked 
|  16|0x00000000a1e00000, 0x00000000a1e00000, 0x00000000a1f00000|  0%| F|  |TAMS 0x00000000a1e00000, 0x00000000a1e00000| Untracked 
|  17|0x00000000a1f00000, 0x00000000a1f00000, 0x00000000a2000000|  0%| F|  |TAMS 0x00000000a1f00000, 0x00000000a1f00000| Untracked 
|  18|0x00000000a2000000, 0x00000000a2000000, 0x00000000a2100000|  0%| F|  |TAMS 0x00000000a2000000, 0x00000000a2000000| Untracked 
|  19|0x00000000a2100000, 0x00000000a2100000, 0x00000000a2200000|  0%| F|  |TAMS 0x00000000a2100000, 0x00000000a2100000| Untracked 
|  20|0x00000000a2200000, 0x00000000a2200000, 0x00000000a2300000|  0%| F|  |TAMS 0x00000000a2200000, 0x00000000a2200000| Untracked 
|  21|0x00000000a2300000, 0x00000000a2300000, 0x00000000a2400000|  0%| F|  |TAMS 0x00000000a2300000, 0x00000000a2300000| Untracked 
|  22|0x00000000a2400000, 0x00000000a2400000, 0x00000000a2500000|  0%| F|  |TAMS 0x00000000a2400000, 0x00000000a2400000| Untracked 
|  23|0x00000000a2500000, 0x00000000a2500000, 0x00000000a2600000|  0%| F|  |TAMS 0x00000000a2500000, 0x00000000a2500000| Untracked 
|  24|0x00000000a2600000, 0x00000000a2600000, 0x00000000a2700000|  0%| F|  |TAMS 0x00000000a2600000, 0x00000000a2600000| Untracked 
|  25|0x00000000a2700000, 0x00000000a2700000, 0x00000000a2800000|  0%| F|  |TAMS 0x00000000a2700000, 0x00000000a2700000| Untracked 
|  26|0x00000000a2800000, 0x00000000a2800000, 0x00000000a2900000|  0%| F|  |TAMS 0x00000000a2800000, 0x00000000a2800000| Untracked 
|  27|0x00000000a2900000, 0x00000000a2900000, 0x00000000a2a00000|  0%| F|  |TAMS 0x00000000a2900000, 0x00000000a2900000| Untracked 
|  28|0x00000000a2a00000, 0x00000000a2a00000, 0x00000000a2b00000|  0%| F|  |TAMS 0x00000000a2a00000, 0x00000000a2a00000| Untracked 
|  29|0x00000000a2b00000, 0x00000000a2b00000, 0x00000000a2c00000|  0%| F|  |TAMS 0x00000000a2b00000, 0x00000000a2b00000| Untracked 
|  30|0x00000000a2c00000, 0x00000000a2c00000, 0x00000000a2d00000|  0%| F|  |TAMS 0x00000000a2c00000, 0x00000000a2c00000| Untracked 
|  31|0x00000000a2d00000, 0x00000000a2d00000, 0x00000000a2e00000|  0%| F|  |TAMS 0x00000000a2d00000, 0x00000000a2d00000| Untracked 
|  32|0x00000000a2e00000, 0x00000000a2e00000, 0x00000000a2f00000|  0%| F|  |TAMS 0x00000000a2e00000, 0x00000000a2e00000| Untracked 
|  33|0x00000000a2f00000, 0x00000000a2f00000, 0x00000000a3000000|  0%| F|  |TAMS 0x00000000a2f00000, 0x00000000a2f00000| Untracked 
|  34|0x00000000a3000000, 0x00000000a3000000, 0x00000000a3100000|  0%| F|  |TAMS 0x00000000a3000000, 0x00000000a3000000| Untracked 
|  35|0x00000000a3100000, 0x00000000a3100000, 0x00000000a3200000|  0%| F|  |TAMS 0x00000000a3100000, 0x00000000a3100000| Untracked 
|  36|0x00000000a3200000, 0x00000000a3200000, 0x00000000a3300000|  0%| F|  |TAMS 0x00000000a3200000, 0x00000000a3200000| Untracked 
|  37|0x00000000a3300000, 0x00000000a3300000, 0x00000000a3400000|  0%| F|  |TAMS 0x00000000a3300000, 0x00000000a3300000| Untracked 
|  38|0x00000000a3400000, 0x00000000a3400000, 0x00000000a3500000|  0%| F|  |TAMS 0x00000000a3400000, 0x00000000a3400000| Untracked 
|  39|0x00000000a3500000, 0x00000000a3500000, 0x00000000a3600000|  0%| F|  |TAMS 0x00000000a3500000, 0x00000000a3500000| Untracked 
|  40|0x00000000a3600000, 0x00000000a3600000, 0x00000000a3700000|  0%| F|  |TAMS 0x00000000a3600000, 0x00000000a3600000| Untracked 
|  41|0x00000000a3700000, 0x00000000a3700000, 0x00000000a3800000|  0%| F|  |TAMS 0x00000000a3700000, 0x00000000a3700000| Untracked 
|  42|0x00000000a3800000, 0x00000000a3800000, 0x00000000a3900000|  0%| F|  |TAMS 0x00000000a3800000, 0x00000000a3800000| Untracked 
|  43|0x00000000a3900000, 0x00000000a3900000, 0x00000000a3a00000|  0%| F|  |TAMS 0x00000000a3900000, 0x00000000a3900000| Untracked 
|  44|0x00000000a3a00000, 0x00000000a3a00000, 0x00000000a3b00000|  0%| F|  |TAMS 0x00000000a3a00000, 0x00000000a3a00000| Untracked 
|  45|0x00000000a3b00000, 0x00000000a3b00000, 0x00000000a3c00000|  0%| F|  |TAMS 0x00000000a3b00000, 0x00000000a3b00000| Untracked 
|  46|0x00000000a3c00000, 0x00000000a3c00000, 0x00000000a3d00000|  0%| F|  |TAMS 0x00000000a3c00000, 0x00000000a3c00000| Untracked 
|  47|0x00000000a3d00000, 0x00000000a3d00000, 0x00000000a3e00000|  0%| F|  |TAMS 0x00000000a3d00000, 0x00000000a3d00000| Untracked 
|  48|0x00000000a3e00000, 0x00000000a3e00000, 0x00000000a3f00000|  0%| F|  |TAMS 0x00000000a3e00000, 0x00000000a3e00000| Untracked 
|  49|0x00000000a3f00000, 0x00000000a3f00000, 0x00000000a4000000|  0%| F|  |TAMS 0x00000000a3f00000, 0x00000000a3f00000| Untracked 
|  50|0x00000000a4000000, 0x00000000a4000000, 0x00000000a4100000|  0%| F|  |TAMS 0x00000000a4000000, 0x00000000a4000000| Untracked 
|  51|0x00000000a4100000, 0x00000000a4100000, 0x00000000a4200000|  0%| F|  |TAMS 0x00000000a4100000, 0x00000000a4100000| Untracked 
|  52|0x00000000a4200000, 0x00000000a4200000, 0x00000000a4300000|  0%| F|  |TAMS 0x00000000a4200000, 0x00000000a4200000| Untracked 
|  53|0x00000000a4300000, 0x00000000a4300000, 0x00000000a4400000|  0%| F|  |TAMS 0x00000000a4300000, 0x00000000a4300000| Untracked 
|  54|0x00000000a4400000, 0x00000000a4400000, 0x00000000a4500000|  0%| F|  |TAMS 0x00000000a4400000, 0x00000000a4400000| Untracked 
|  55|0x00000000a4500000, 0x00000000a4500000, 0x00000000a4600000|  0%| F|  |TAMS 0x00000000a4500000, 0x00000000a4500000| Untracked 
|  56|0x00000000a4600000, 0x00000000a4600000, 0x00000000a4700000|  0%| F|  |TAMS 0x00000000a4600000, 0x00000000a4600000| Untracked 
|  57|0x00000000a4700000, 0x00000000a4700000, 0x00000000a4800000|  0%| F|  |TAMS 0x00000000a4700000, 0x00000000a4700000| Untracked 
|  58|0x00000000a4800000, 0x00000000a4800000, 0x00000000a4900000|  0%| F|  |TAMS 0x00000000a4800000, 0x00000000a4800000| Untracked 
|  59|0x00000000a4900000, 0x00000000a4900000, 0x00000000a4a00000|  0%| F|  |TAMS 0x00000000a4900000, 0x00000000a4900000| Untracked 
|  60|0x00000000a4a00000, 0x00000000a4a00000, 0x00000000a4b00000|  0%| F|  |TAMS 0x00000000a4a00000, 0x00000000a4a00000| Untracked 
|  61|0x00000000a4b00000, 0x00000000a4b00000, 0x00000000a4c00000|  0%| F|  |TAMS 0x00000000a4b00000, 0x00000000a4b00000| Untracked 
|  62|0x00000000a4c00000, 0x00000000a4c00000, 0x00000000a4d00000|  0%| F|  |TAMS 0x00000000a4c00000, 0x00000000a4c00000| Untracked 
|  63|0x00000000a4d00000, 0x00000000a4d00000, 0x00000000a4e00000|  0%| F|  |TAMS 0x00000000a4d00000, 0x00000000a4d00000| Untracked 
|  64|0x00000000a4e00000, 0x00000000a4e00000, 0x00000000a4f00000|  0%| F|  |TAMS 0x00000000a4e00000, 0x00000000a4e00000| Untracked 
|  65|0x00000000a4f00000, 0x00000000a4f00000, 0x00000000a5000000|  0%| F|  |TAMS 0x00000000a4f00000, 0x00000000a4f00000| Untracked 
|  66|0x00000000a5000000, 0x00000000a5000000, 0x00000000a5100000|  0%| F|  |TAMS 0x00000000a5000000, 0x00000000a5000000| Untracked 
|  67|0x00000000a5100000, 0x00000000a5100000, 0x00000000a5200000|  0%| F|  |TAMS 0x00000000a5100000, 0x00000000a5100000| Untracked 
|  68|0x00000000a5200000, 0x00000000a5200000, 0x00000000a5300000|  0%| F|  |TAMS 0x00000000a5200000, 0x00000000a5200000| Untracked 
|  69|0x00000000a5300000, 0x00000000a5300000, 0x00000000a5400000|  0%| F|  |TAMS 0x00000000a5300000, 0x00000000a5300000| Untracked 
|  70|0x00000000a5400000, 0x00000000a5400000, 0x00000000a5500000|  0%| F|  |TAMS 0x00000000a5400000, 0x00000000a5400000| Untracked 
|  71|0x00000000a5500000, 0x00000000a5500000, 0x00000000a5600000|  0%| F|  |TAMS 0x00000000a5500000, 0x00000000a5500000| Untracked 
|  72|0x00000000a5600000, 0x00000000a5600000, 0x00000000a5700000|  0%| F|  |TAMS 0x00000000a5600000, 0x00000000a5600000| Untracked 
|  73|0x00000000a5700000, 0x00000000a5700000, 0x00000000a5800000|  0%| F|  |TAMS 0x00000000a5700000, 0x00000000a5700000| Untracked 
|  74|0x00000000a5800000, 0x00000000a5800000, 0x00000000a5900000|  0%| F|  |TAMS 0x00000000a5800000, 0x00000000a5800000| Untracked 
|  75|0x00000000a5900000, 0x00000000a5900000, 0x00000000a5a00000|  0%| F|  |TAMS 0x00000000a5900000, 0x00000000a5900000| Untracked 
|  76|0x00000000a5a00000, 0x00000000a5a00000, 0x00000000a5b00000|  0%| F|  |TAMS 0x00000000a5a00000, 0x00000000a5a00000| Untracked 
|  77|0x00000000a5b00000, 0x00000000a5b00000, 0x00000000a5c00000|  0%| F|  |TAMS 0x00000000a5b00000, 0x00000000a5b00000| Untracked 
|  78|0x00000000a5c00000, 0x00000000a5c00000, 0x00000000a5d00000|  0%| F|  |TAMS 0x00000000a5c00000, 0x00000000a5c00000| Untracked 
|  79|0x00000000a5d00000, 0x00000000a5d00000, 0x00000000a5e00000|  0%| F|  |TAMS 0x00000000a5d00000, 0x00000000a5d00000| Untracked 
|  80|0x00000000a5e00000, 0x00000000a5e00000, 0x00000000a5f00000|  0%| F|  |TAMS 0x00000000a5e00000, 0x00000000a5e00000| Untracked 
|  81|0x00000000a5f00000, 0x00000000a5f00000, 0x00000000a6000000|  0%| F|  |TAMS 0x00000000a5f00000, 0x00000000a5f00000| Untracked 
|  82|0x00000000a6000000, 0x00000000a6000000, 0x00000000a6100000|  0%| F|  |TAMS 0x00000000a6000000, 0x00000000a6000000| Untracked 
|  83|0x00000000a6100000, 0x00000000a6100000, 0x00000000a6200000|  0%| F|  |TAMS 0x00000000a6100000, 0x00000000a6100000| Untracked 
|  84|0x00000000a6200000, 0x00000000a6200000, 0x00000000a6300000|  0%| F|  |TAMS 0x00000000a6200000, 0x00000000a6200000| Untracked 
|  85|0x00000000a6300000, 0x00000000a6300000, 0x00000000a6400000|  0%| F|  |TAMS 0x00000000a6300000, 0x00000000a6300000| Untracked 
|  86|0x00000000a6400000, 0x00000000a6400000, 0x00000000a6500000|  0%| F|  |TAMS 0x00000000a6400000, 0x00000000a6400000| Untracked 
|  87|0x00000000a6500000, 0x00000000a6500000, 0x00000000a6600000|  0%| F|  |TAMS 0x00000000a6500000, 0x00000000a6500000| Untracked 
|  88|0x00000000a6600000, 0x00000000a6600000, 0x00000000a6700000|  0%| F|  |TAMS 0x00000000a6600000, 0x00000000a6600000| Untracked 
|  89|0x00000000a6700000, 0x00000000a6700000, 0x00000000a6800000|  0%| F|  |TAMS 0x00000000a6700000, 0x00000000a6700000| Untracked 
|  90|0x00000000a6800000, 0x00000000a6800000, 0x00000000a6900000|  0%| F|  |TAMS 0x00000000a6800000, 0x00000000a6800000| Untracked 
|  91|0x00000000a6900000, 0x00000000a6900000, 0x00000000a6a00000|  0%| F|  |TAMS 0x00000000a6900000, 0x00000000a6900000| Untracked 
|  92|0x00000000a6a00000, 0x00000000a6a00000, 0x00000000a6b00000|  0%| F|  |TAMS 0x00000000a6a00000, 0x00000000a6a00000| Untracked 
|  93|0x00000000a6b00000, 0x00000000a6bb9288, 0x00000000a6c00000| 72%| E|  |TAMS 0x00000000a6b00000, 0x00000000a6b00000| Complete 
|  94|0x00000000a6c00000, 0x00000000a6d00000, 0x00000000a6d00000|100%| E|CS|TAMS 0x00000000a6c00000, 0x00000000a6c00000| Complete 
|  95|0x00000000a6d00000, 0x00000000a6e00000, 0x00000000a6e00000|100%| E|CS|TAMS 0x00000000a6d00000, 0x00000000a6d00000| Complete 

Card table byte_map: [0x000001df49790000,0x000001df49a90000] _byte_map_base: 0x000001df49289000

Marking Bits (Prev, Next): (CMBitMap*) 0x000001df32f545f0, (CMBitMap*) 0x000001df32f54630
 Prev Bits: [0x000001df49d90000, 0x000001df4b558000)
 Next Bits: [0x000001df4b560000, 0x000001df4cd28000)

Polling page: 0x000001df310a0000

Metaspace:

Usage:
  Non-class:      2.40 MB used.
      Class:    259.70 KB used.
       Both:      2.65 MB used.

Virtual space:
  Non-class space:        8.00 MB reserved,       2.50 MB ( 31%) committed,  1 nodes.
      Class space:        1.00 GB reserved,     320.00 KB ( <1%) committed,  1 nodes.
             Both:        1.01 GB reserved,       2.81 MB ( <1%) committed. 

Chunk freelists:
   Non-Class:  3.94 MB
       Class:  3.71 MB
        Both:  7.65 MB

MaxMetaspaceSize: unlimited
CompressedClassSpaceSize: 1.00 GB
Initial GC threshold: 21.00 MB
Current GC threshold: 21.00 MB
CDS: on
MetaspaceReclaimPolicy: balanced
 - commit_granule_bytes: 65536.
 - commit_granule_words: 8192.
 - virtual_space_node_default_size: 1048576.
 - enlarge_chunks_in_place: 1.
 - new_chunks_are_fully_committed: 0.
 - uncommit_free_chunks: 1.
 - use_allocation_guard: 0.
 - handle_deallocations: 1.


Internal statistics:

num_allocs_failed_limit: 0.
num_arena_births: 58.
num_arena_deaths: 0.
num_vsnodes_births: 2.
num_vsnodes_deaths: 0.
num_space_committed: 45.
num_space_uncommitted: 0.
num_chunks_returned_to_freelist: 0.
num_chunks_taken_from_freelist: 69.
num_chunk_merges: 0.
num_chunk_splits: 43.
num_chunks_enlarged: 20.
num_purges: 0.
num_inconsistent_stats: 0.

CodeHeap 'non-profiled nmethods': size=120064Kb used=120Kb max_used=120Kb free=119943Kb
 bounds [0x000001df42250000, 0x000001df424c0000, 0x000001df49790000]
CodeHeap 'profiled nmethods': size=120000Kb used=516Kb max_used=516Kb free=119483Kb
 bounds [0x000001df3a790000, 0x000001df3aa00000, 0x000001df41cc0000]
CodeHeap 'non-nmethods': size=5696Kb used=1167Kb max_used=1167Kb free=4528Kb
 bounds [0x000001df41cc0000, 0x000001df41f30000, 0x000001df42250000]
 total_blobs=844 nmethods=383 adapters=374
 compilation: enabled
              stopped_count=0, restarted_count=0
 full_count=0

Compilation events (20 events):
Event: 0.420 Thread 0x000001df4f096d70 nmethod 370 0x000001df3a807190 code [0x000001df3a8073c0, 0x000001df3a807ce8]
Event: 0.421 Thread 0x000001df4f096d70  371       3       java.lang.invoke.InvokerBytecodeGenerator::emitPushArgument (150 bytes)
Event: 0.422 Thread 0x000001df4f096d70 nmethod 371 0x000001df3a807f90 code [0x000001df3a808260, 0x000001df3a809148]
Event: 0.422 Thread 0x000001df4f096d70  372       3       java.lang.invoke.InvokerBytecodeGenerator::loadInsnOpcode (98 bytes)
Event: 0.424 Thread 0x000001df4f096d70 nmethod 372 0x000001df3a809510 code [0x000001df3a809780, 0x000001df3a80a198]
Event: 0.424 Thread 0x000001df4f096d70  373       3       jdk.internal.org.objectweb.asm.SymbolTable::hash (15 bytes)
Event: 0.424 Thread 0x000001df4f096d70 nmethod 373 0x000001df3a80a490 code [0x000001df3a80a640, 0x000001df3a80a7d8]
Event: 0.424 Thread 0x000001df4f096d70  374       3       jdk.internal.org.objectweb.asm.SymbolTable$Entry::<init> (18 bytes)
Event: 0.424 Thread 0x000001df4f096d70 nmethod 374 0x000001df3a80a910 code [0x000001df3a80aac0, 0x000001df3a80ac48]
Event: 0.427 Thread 0x000001df4f096d70  377       3       java.util.HashMap::putVal (300 bytes)
Event: 0.428 Thread 0x000001df4f096d70 nmethod 377 0x000001df3a80ad10 code [0x000001df3a80afc0, 0x000001df3a80c218]
Event: 0.463 Thread 0x000001df4f096d70  378       3       java.lang.reflect.Modifier::isPublic (12 bytes)
Event: 0.463 Thread 0x000001df4f096d70 nmethod 378 0x000001df3a80c710 code [0x000001df3a80c8a0, 0x000001df3a80c9f8]
Event: 0.466 Thread 0x000001df4f096d70  379       3       jdk.internal.org.objectweb.asm.Type::getArgumentsAndReturnSizes (140 bytes)
Event: 0.468 Thread 0x000001df4f0943b0  382       4       jdk.internal.org.objectweb.asm.ByteVector::putUTF8 (144 bytes)
Event: 0.468 Thread 0x000001df4f096d70 nmethod 379 0x000001df3a80ca90 code [0x000001df3a80ce80, 0x000001df3a80ec98]
Event: 0.468 Thread 0x000001df4f096d70  380       3       jdk.internal.org.objectweb.asm.ByteVector::putInt (74 bytes)
Event: 0.469 Thread 0x000001df4f096d70 nmethod 380 0x000001df3a80f790 code [0x000001df3a80f940, 0x000001df3a80fba8]
Event: 0.469 Thread 0x000001df4f096d70  381       3       java.util.HashSet::contains (9 bytes)
Event: 0.470 Thread 0x000001df4f096d70 nmethod 381 0x000001df3a80fd10 code [0x000001df3a80fec0, 0x000001df3a810148]

GC Heap History (0 events):
No events

Deoptimization events (4 events):
Event: 0.285 Thread 0x000001df32f07f10 Uncommon trap: trap_request=0xffffff45 fr.pc=0x000001df4225e2a8 relative=0x0000000000000748
Event: 0.285 Thread 0x000001df32f07f10 Uncommon trap: reason=unstable_if action=reinterpret pc=0x000001df4225e2a8 method=java.util.HashMap.putVal(ILjava/lang/Object;Ljava/lang/Object;ZZ)Ljava/lang/Object; @ 81 c2
Event: 0.285 Thread 0x000001df32f07f10 DEOPT PACKING pc=0x000001df4225e2a8 sp=0x0000005822cfe760
Event: 0.285 Thread 0x000001df32f07f10 DEOPT UNPACKING pc=0x000001df41d123a3 sp=0x0000005822cfe700 mode 2

Classes unloaded (0 events):
No events

Classes redefined (0 events):
No events

Internal exceptions (8 events):
Event: 0.213 Thread 0x000001df32f07f10 Exception <a 'sun/nio/fs/WindowsException'{0x00000000a6df39a0}> (0x00000000a6df39a0) 
thrown [s\open\src\hotspot\share\prims\jni.cpp, line 516]
Event: 0.214 Thread 0x000001df32f07f10 Exception <a 'sun/nio/fs/WindowsException'{0x00000000a6df3f10}> (0x00000000a6df3f10) 
thrown [s\open\src\hotspot\share\prims\jni.cpp, line 516]
Event: 0.217 Thread 0x000001df32f07f10 Exception <a 'sun/nio/fs/WindowsException'{0x00000000a6df75d0}> (0x00000000a6df75d0) 
thrown [s\open\src\hotspot\share\prims\jni.cpp, line 516]
Event: 0.217 Thread 0x000001df32f07f10 Exception <a 'sun/nio/fs/WindowsException'{0x00000000a6df80c8}> (0x00000000a6df80c8) 
thrown [s\open\src\hotspot\share\prims\jni.cpp, line 516]
Event: 0.325 Thread 0x000001df32f07f10 Exception <a 'java/lang/ClassNotFoundException'{0x00000000a6ccd3f8}: sun/awt/resources/spi/awtProvider> (0x00000000a6ccd3f8) 
thrown [s\open\src\hotspot\share\classfile\systemDictionary.cpp, line 256]
Event: 0.367 Thread 0x000001df32f07f10 Exception <a 'java/io/FileNotFoundException'{0x00000000a6b20a50}> (0x00000000a6b20a50) 
thrown [s\open\src\hotspot\share\prims\jni.cpp, line 516]
Event: 0.387 Thread 0x000001df32f07f10 Exception <a 'java/io/FileNotFoundException'{0x00000000a6b4db90}> (0x00000000a6b4db90) 
thrown [s\open\src\hotspot\share\prims\jni.cpp, line 516]
Event: 0.465 Thread 0x000001df32f07f10 Exception <a 'java/lang/NoSuchMethodError'{0x00000000a6b92220}: 'java.lang.Object java.lang.invoke.DirectMethodHandle$Holder.invokeStaticInit(java.lang.Object)'> (0x00000000a6b92220) 
thrown [s\open\src\hotspot\share\interpreter\linkResolver.cpp, line 759]

VM Operations (2 events):
Event: 0.221 Executing VM operation: HandshakeAllThreads
Event: 0.221 Executing VM operation: HandshakeAllThreads done

Events (20 events):
Event: 0.463 loading class sun/awt/ModalityListener
Event: 0.463 loading class sun/awt/ModalityListener done
Event: 0.463 loading class sun/awt/SunToolkit$ModalityListenerList done
Event: 0.463 loading class sun/awt/util/PerformanceLogger
Event: 0.463 loading class sun/awt/util/PerformanceLogger done
Event: 0.463 loading class sun/awt/util/PerformanceLogger$TimeData
Event: 0.463 loading class sun/awt/util/PerformanceLogger$TimeData done
Event: 0.464 loading class sun/awt/windows/WToolkit$ToolkitDisposer
Event: 0.464 loading class sun/java2d/DisposerRecord
Event: 0.464 loading class sun/java2d/DisposerRecord done
Event: 0.464 loading class sun/awt/windows/WToolkit$ToolkitDisposer done
Event: 0.464 loading class sun/java2d/Disposer
Event: 0.464 loading class sun/java2d/Disposer done
Event: 0.464 loading class sun/java2d/Disposer$1
Event: 0.464 loading class sun/java2d/Disposer$1 done
Event: 0.466 loading class sun/awt/util/ThreadGroupUtils
Event: 0.466 loading class sun/awt/util/ThreadGroupUtils done
Event: 0.467 Thread 0x000001df4feb8110 Thread added: 0x000001df4feb8110
Event: 0.467 loading class sun/awt/AWTAutoShutdown
Event: 0.467 loading class sun/awt/AWTAutoShutdown done


Dynamic libraries:
0x00007ff782f60000 - 0x00007ff782f70000 	C:\Program Files\Java\jdk-17\bin\java.exe
0x00007ffa85530000 - 0x00007ffa85747000 	C:\Windows\SYSTEM32\ntdll.dll
0x00007ffa84c40000 - 0x00007ffa84d04000 	C:\Windows\System32\KERNEL32.DLL
0x00007ffa828a0000 - 0x00007ffa82c46000 	C:\Windows\System32\KERNELBASE.dll
0x00007ffa82cc0000 - 0x00007ffa82dd1000 	C:\Windows\System32\ucrtbase.dll
0x00007ffa7dbf0000 - 0x00007ffa7dc09000 	C:\Program Files\Java\jdk-17\bin\jli.dll
0x00007ffa84760000 - 0x00007ffa84811000 	C:\Windows\System32\ADVAPI32.dll
0x00007ffa84b00000 - 0x00007ffa84ba7000 	C:\Windows\System32\msvcrt.dll
0x00007ffa846b0000 - 0x00007ffa84755000 	C:\Windows\System32\sechost.dll
0x00007ffa84540000 - 0x00007ffa84657000 	C:\Windows\System32\RPCRT4.dll
0x00007ffa852b0000 - 0x00007ffa8545e000 	C:\Windows\System32\USER32.dll
0x00007ffa82de0000 - 0x00007ffa82e06000 	C:\Windows\System32\win32u.dll
0x00007ffa84660000 - 0x00007ffa84689000 	C:\Windows\System32\GDI32.dll
0x00007ffa82ff0000 - 0x00007ffa83108000 	C:\Windows\System32\gdi32full.dll
0x00007ffa82e10000 - 0x00007ffa82eaa000 	C:\Windows\System32\msvcp_win.dll
0x00007ffa48d60000 - 0x00007ffa48d7b000 	C:\Program Files\Java\jdk-17\bin\VCRUNTIME140.dll
0x00007ffa673d0000 - 0x00007ffa67663000 	C:\Windows\WinSxS\amd64_microsoft.windows.common-controls_6595b64144ccf1df_6.0.22621.2506_none_270c5ae97388e100\COMCTL32.dll
0x00007ffa7a960000 - 0x00007ffa7a96a000 	C:\Windows\SYSTEM32\VERSION.dll
0x00007ffa84840000 - 0x00007ffa84871000 	C:\Windows\System32\IMM32.DLL
0x00007ffa5eac0000 - 0x00007ffa5eacc000 	C:\Program Files\Java\jdk-17\bin\vcruntime140_1.dll
0x00007ffa0f440000 - 0x00007ffa0f4ce000 	C:\Program Files\Java\jdk-17\bin\msvcp140.dll
0x00007ffa0f750000 - 0x00007ffa1032d000 	C:\Program Files\Java\jdk-17\bin\server\jvm.dll
0x00007ffa84830000 - 0x00007ffa84838000 	C:\Windows\System32\PSAPI.DLL
0x00007ffa7b8b0000 - 0x00007ffa7b8b9000 	C:\Windows\SYSTEM32\WSOCK32.dll
0x00007ffa848d0000 - 0x00007ffa84941000 	C:\Windows\System32\WS2_32.dll
0x00007ffa7a970000 - 0x00007ffa7a9a4000 	C:\Windows\SYSTEM32\WINMM.dll
0x00007ffa818a0000 - 0x00007ffa818b8000 	C:\Windows\SYSTEM32\kernel.appcore.dll
0x00007ffa4c4c0000 - 0x00007ffa4c4ca000 	C:\Program Files\Java\jdk-17\bin\jimage.dll
0x00007ffa70d20000 - 0x00007ffa70f53000 	C:\Windows\SYSTEM32\DBGHELP.DLL
0x00007ffa83700000 - 0x00007ffa83a89000 	C:\Windows\System32\combase.dll
0x00007ffa84950000 - 0x00007ffa84a27000 	C:\Windows\System32\OLEAUT32.dll
0x00007ffa69790000 - 0x00007ffa697c2000 	C:\Windows\SYSTEM32\dbgcore.DLL
0x00007ffa82eb0000 - 0x00007ffa82f2a000 	C:\Windows\System32\bcryptPrimitives.dll
0x00007ffa48b70000 - 0x00007ffa48b95000 	C:\Program Files\Java\jdk-17\bin\java.dll
0x00007ffa0f670000 - 0x00007ffa0f747000 	C:\Program Files\Java\jdk-17\bin\jsvml.dll
0x00007ffa83b40000 - 0x00007ffa8439a000 	C:\Windows\System32\SHELL32.dll
0x00007ffa807c0000 - 0x00007ffa810b6000 	C:\Windows\SYSTEM32\windows.storage.dll
0x00007ffa80680000 - 0x00007ffa807be000 	C:\Windows\SYSTEM32\wintypes.dll
0x00007ffa84e60000 - 0x00007ffa84f53000 	C:\Windows\System32\SHCORE.dll
0x00007ffa84a40000 - 0x00007ffa84a9e000 	C:\Windows\System32\shlwapi.dll
0x00007ffa827d0000 - 0x00007ffa827f6000 	C:\Windows\SYSTEM32\profapi.dll
0x00007ffa48d00000 - 0x00007ffa48d19000 	C:\Program Files\Java\jdk-17\bin\net.dll
0x00007ffa78600000 - 0x00007ffa78737000 	C:\Windows\SYSTEM32\WINHTTP.dll
0x00007ffa81d20000 - 0x00007ffa81d89000 	C:\Windows\system32\mswsock.dll
0x00007ffa48b50000 - 0x00007ffa48b66000 	C:\Program Files\Java\jdk-17\bin\nio.dll
0x00007ffa48b30000 - 0x00007ffa48b48000 	C:\Program Files\Java\jdk-17\bin\zip.dll
0x00007ffa0f4d0000 - 0x00007ffa0f661000 	C:\Program Files\Java\jdk-17\bin\awt.dll
0x00007ffa7fb00000 - 0x00007ffa7fb97000 	C:\Windows\SYSTEM32\apphelp.dll
0x00007ffa80030000 - 0x00007ffa8005b000 	C:\Windows\system32\DWMAPI.DLL
0x00007ffa7fde0000 - 0x00007ffa7fe8b000 	C:\Windows\system32\uxtheme.dll
0x00007ffa2e270000 - 0x00007ffa2e370000 	C:\Windows\system32\opengl32.dll
0x00007ffa2dd70000 - 0x00007ffa2dd9d000 	C:\Windows\SYSTEM32\GLU32.dll
0x00007ffa7fec0000 - 0x00007ffa7fef6000 	C:\Windows\SYSTEM32\dxcore.dll

dbghelp: loaded successfully - version: 4.0.5 - missing functions: none
symbol engine: initialized successfully - sym options: 0x614 - pdb path: .;C:\Program Files\Java\jdk-17\bin;C:\Windows\SYSTEM32;C:\Windows\WinSxS\amd64_microsoft.windows.common-controls_6595b64144ccf1df_6.0.22621.2506_none_270c5ae97388e100;C:\Program Files\Java\jdk-17\bin\server

VM Arguments:
jvm_args: -Dfile.encoding=UTF-8 --module-path=C:\Users\HP\Documents\NetBeansProjects\hospitalmanagementsystem\build\classes 
java_command: hospitalmanagementsystem.PatientInfo
java_class_path (initial): C:\Users\HP\Documents\NetBeansProjects\hospitalmanagementsystem\lib\mysql-connector-java-8.0.28.jar;C:\Users\HP\Documents\NetBeansProjects\hospitalmanagementsystem\lib\hms.jar;C:\Users\HP\Documents\NetBeansProjects\hospitalmanagementsystem\build\classes
Launcher Type: SUN_STANDARD

[Global flags]
     intx CICompilerCount                          = 2                                         {product} {ergonomic}
     uint ConcGCThreads                            = 1                                         {product} {ergonomic}
     uint G1ConcRefinementThreads                  = 2                                         {product} {ergonomic}
   size_t G1HeapRegionSize                         = 1048576                                   {product} {ergonomic}
    uintx GCDrainStackTargetSize                   = 64                                        {product} {ergonomic}
   size_t InitialHeapSize                          = 100663296                                 {product} {ergonomic}
   size_t MarkStackSize                            = 4194304                                   {product} {ergonomic}
   size_t MaxHeapSize                              = 1595932672                                {product} {ergonomic}
   size_t MaxNewSize                               = 957349888                                 {product} {ergonomic}
   size_t MinHeapDeltaBytes                        = 1048576                                   {product} {ergonomic}
   size_t MinHeapSize                              = 8388608                                   {product} {ergonomic}
    uintx NonNMethodCodeHeapSize                   = 5826188                                {pd product} {ergonomic}
    uintx NonProfiledCodeHeapSize                  = 122916026                              {pd product} {ergonomic}
    uintx ProfiledCodeHeapSize                     = 122916026                              {pd product} {ergonomic}
    uintx ReservedCodeCacheSize                    = 251658240                              {pd product} {ergonomic}
     bool SegmentedCodeCache                       = true                                      {product} {ergonomic}
   size_t SoftMaxHeapSize                          = 1595932672                             {manageable} {ergonomic}
     bool UseCompressedClassPointers               = true                           {product lp64_product} {ergonomic}
     bool UseCompressedOops                        = true                           {product lp64_product} {ergonomic}
     bool UseG1GC                                  = true                                      {product} {ergonomic}
     bool UseLargePagesIndividualAllocation        = false                                  {pd product} {ergonomic}

Logging:
Log output configuration:
 #0: stdout all=warning uptime,level,tags
 #1: stderr all=off uptime,level,tags

Environment Variables:
PATH=C:\Program Files\Common Files\Oracle\Java\javapath;C:\Windows\system32;C:\Windows;C:\Windows\System32\Wbem;C:\Windows\System32\WindowsPowerShell\v1.0\;C:\Windows\System32\OpenSSH\;C:\Program Files\Microsoft SQL Server\150\Tools\Binn\;C:\Program Files\Java\jdk-17\bin;C:\Program Files\MySQL\MySQL Shell 8.0\bin\;C:\Users\HP\AppData\Local\Programs\Python\Python311\Scripts\;C:\Users\HP\AppData\Local\Programs\Python\Python311\;C:\Users\HP\AppData\Local\Microsoft\WindowsApps;;C:\Users\HP\AppData\Local\Programs\Microsoft VS Code\bin
USERNAME=HP
OS=Windows_NT
PROCESSOR_IDENTIFIER=AMD64 Family 23 Model 24 Stepping 1, AuthenticAMD



---------------  S Y S T E M  ---------------

OS:
 Windows 11 , 64 bit Build 22621 (10.0.22621.2506)
OS uptime: 0 days 8:25 hours

CPU: total 2 (initial active 2) (2 cores per cpu, 1 threads per core) family 23 model 24 stepping 1 microcode 0x0, cx8, cmov, fxsr, mmx, 3dnowpref, sse, sse2, sse3, ssse3, sse4a, sse4.1, sse4.2, popcnt, lzcnt, tsc, tscinvbit, avx, avx2, aes, clmul, bmi1, bmi2, adx, sha, fma, vzeroupper, clflush, clflushopt

Memory: 4k page, system-wide physical 6086M (231M free)
TotalPageFile size 24518M (AvailPageFile size 3M)
current process WorkingSet (physical memory assigned to process): 40M, peak: 40M
current process commit charge ("private bytes"): 169M, peak: 169M

vm_info: Java HotSpot(TM) 64-Bit Server VM (17.0.7+8-LTS-224) for windows-amd64 JRE (17.0.7+8-LTS-224), built on Feb 28 2023 23:03:02 by "mach5one" with MS VC++ 17.1 (VS2022)

END.
