#
# There is insufficient memory for the Java Runtime Environment to continue.
# Native memory allocation (mmap) failed to map 65536 bytes for Failed to commit metaspace.
# Possible reasons:
#   The system is out of physical RAM or swap space
#   The process is running with CompressedOops enabled, and the Java Heap may be blocking the growth of the native heap
# Possible solutions:
#   Reduce memory load on the system
#   Increase physical memory or swap space
#   Check if swap backing store is full
#   Decrease Java heap size (-Xmx/-Xms)
#   Decrease number of Java threads
#   Decrease Java thread stack sizes (-Xss)
#   Set larger code cache with -XX:ReservedCodeCacheSize=
#   JVM is running with Unscaled Compressed Oops mode in which the Java heap is
#     placed in the first 4GB address space. The Java Heap base address is the
#     maximum limit for the native heap growth. Please use -XX:HeapBaseMinAddress
#     to set the Java Heap base and to place the Java Heap above 4GB virtual address.
# This output file may be truncated or incomplete.
#
#  Out of Memory Error (virtualSpaceNode.cpp:110), pid=23240, tid=23256
#
# JRE version: Java(TM) SE Runtime Environment (17.0.7+8) (build 17.0.7+8-LTS-224)
# Java VM: Java HotSpot(TM) 64-Bit Server VM (17.0.7+8-LTS-224, mixed mode, sharing, tiered, compressed oops, compressed class ptrs, g1 gc, windows-amd64)
# No core dump will be written. Minidumps are not enabled by default on client versions of Windows
#

---------------  S U M M A R Y ------------

Command Line: -Dfile.encoding=UTF-8 --module-path=C:\Users\HP\Documents\NetBeansProjects\hospitalmanagementsystem\build\classes hospitalmanagementsystem.PatientInfo

Host: AMD Athlon Silver 3050U with Radeon Graphics   , 2 cores, 5G,  Windows 11 , 64 bit Build 22621 (10.0.22621.2506)
Time: Sun Feb 11 20:08:46 2024 India Standard Time elapsed time: 0.876072 seconds (0d 0h 0m 0s)

---------------  T H R E A D  ---------------

Current thread (0x000001ec28e37320):  JavaThread "main" [_thread_in_vm, id=23256, stack(0x000000d561700000,0x000000d561800000)]

Stack: [0x000000d561700000,0x000000d561800000]
Native frames: (J=compiled Java code, j=interpreted, Vv=VM code, C=native code)
V  [jvm.dll+0x676a4a]
V  [jvm.dll+0x7d74f4]
V  [jvm.dll+0x7d8c9e]
V  [jvm.dll+0x7d9303]
V  [jvm.dll+0x2452c5]
V  [jvm.dll+0x7d35fb]
V  [jvm.dll+0x61ca36]
V  [jvm.dll+0x1bfbf7]
V  [jvm.dll+0x61f390]
V  [jvm.dll+0x61d3f6]
V  [jvm.dll+0x369442]
V  [jvm.dll+0x1e157b]
V  [jvm.dll+0x53cf35]
V  [jvm.dll+0x1f06da]
V  [jvm.dll+0x75156d]
V  [jvm.dll+0x752953]
V  [jvm.dll+0x752c88]
V  [jvm.dll+0x23d78b]
V  [jvm.dll+0x37cdde]
C  0x000001ec37c0b80d

Java frames: (J=compiled Java code, j=interpreted, Vv=VM code)
j  javax.swing.text.DefaultEditorKit.<clinit>()V+217 java.desktop@17.0.7
v  ~StubRoutines::call_stub
j  javax.swing.plaf.basic.BasicTextUI.<clinit>()V+11 java.desktop@17.0.7
v  ~StubRoutines::call_stub
j  java.lang.Class.forName0(Ljava/lang/String;ZLjava/lang/ClassLoader;Ljava/lang/Class;)Ljava/lang/Class;+0 java.base@17.0.7
j  java.lang.Class.forName(Ljava/lang/String;ZLjava/lang/ClassLoader;)Ljava/lang/Class;+43 java.base@17.0.7
j  javax.swing.SwingUtilities.loadSystemClass(Ljava/lang/String;)Ljava/lang/Class;+12 java.desktop@17.0.7
j  javax.swing.UIDefaults.getUIClass(Ljava/lang/String;Ljava/lang/ClassLoader;)Ljava/lang/Class;+37 java.desktop@17.0.7
j  javax.swing.UIDefaults.getUI(Ljavax/swing/JComponent;)Ljavax/swing/plaf/ComponentUI;+32 java.desktop@17.0.7
j  javax.swing.UIManager.getUI(Ljavax/swing/JComponent;)Ljavax/swing/plaf/ComponentUI;+37 java.desktop@17.0.7
j  javax.swing.text.JTextComponent.updateUI()V+2 java.desktop@17.0.7
j  javax.swing.text.JTextComponent.<init>()V+62 java.desktop@17.0.7
j  javax.swing.JTextField.<init>(Ljavax/swing/text/Document;Ljava/lang/String;I)V+1 java.desktop@17.0.7
j  javax.swing.JTextField.<init>()V+4 java.desktop@17.0.7
j  hospitalmanagementsystem.PatientInfo.<init>(Ljava/lang/String;)V+125
j  hospitalmanagementsystem.PatientInfo.main([Ljava/lang/String;)V+7
v  ~StubRoutines::call_stub

---------------  P R O C E S S  ---------------

Threads class SMR info:
_java_thread_list=0x000001ec45ebeea0, length=15, elements={
0x000001ec28e37320, 0x000001ec44fac3a0, 0x000001ec44fad210, 0x000001ec44fbe8f0,
0x000001ec44fc12c0, 0x000001ec44fc1c70, 0x000001ec44fc2620, 0x000001ec44fc4310,
0x000001ec44fca6d0, 0x000001ec44fe40a0, 0x000001ec44f9c840, 0x000001ec45d3f6b0,
0x000001ec45ec75c0, 0x000001ec45e913e0, 0x000001ec45ecd010
}

Java Threads: ( => current thread )
=>0x000001ec28e37320 JavaThread "main" [_thread_in_vm, id=23256, stack(0x000000d561700000,0x000000d561800000)]
  0x000001ec44fac3a0 JavaThread "Reference Handler" daemon [_thread_blocked, id=16796, stack(0x000000d561e00000,0x000000d561f00000)]
  0x000001ec44fad210 JavaThread "Finalizer" daemon [_thread_blocked, id=1800, stack(0x000000d561f00000,0x000000d562000000)]
  0x000001ec44fbe8f0 JavaThread "Signal Dispatcher" daemon [_thread_blocked, id=21192, stack(0x000000d562000000,0x000000d562100000)]
  0x000001ec44fc12c0 JavaThread "Attach Listener" daemon [_thread_blocked, id=19916, stack(0x000000d562100000,0x000000d562200000)]
  0x000001ec44fc1c70 JavaThread "Service Thread" daemon [_thread_blocked, id=20468, stack(0x000000d562200000,0x000000d562300000)]
  0x000001ec44fc2620 JavaThread "Monitor Deflation Thread" daemon [_thread_blocked, id=23264, stack(0x000000d562300000,0x000000d562400000)]
  0x000001ec44fc4310 JavaThread "C2 CompilerThread0" daemon [_thread_blocked, id=9012, stack(0x000000d562400000,0x000000d562500000)]
  0x000001ec44fca6d0 JavaThread "C1 CompilerThread0" daemon [_thread_blocked, id=10840, stack(0x000000d562500000,0x000000d562600000)]
  0x000001ec44fe40a0 JavaThread "Sweeper thread" daemon [_thread_blocked, id=8056, stack(0x000000d562600000,0x000000d562700000)]
  0x000001ec44f9c840 JavaThread "Common-Cleaner" daemon [_thread_blocked, id=8392, stack(0x000000d562700000,0x000000d562800000)]
  0x000001ec45d3f6b0 JavaThread "Notification Thread" daemon [_thread_blocked, id=7836, stack(0x000000d562800000,0x000000d562900000)]
  0x000001ec45ec75c0 JavaThread "Java2D Disposer" daemon [_thread_blocked, id=6196, stack(0x000000d562a00000,0x000000d562b00000)]
  0x000001ec45e913e0 JavaThread "AWT-Shutdown" [_thread_blocked, id=6448, stack(0x000000d562b00000,0x000000d562c00000)]
  0x000001ec45ecd010 JavaThread "AWT-Windows" daemon [_thread_in_native, id=8208, stack(0x000000d562c00000,0x000000d562d00000)]

Other Threads:
  0x000001ec44fa67a0 VMThread "VM Thread" [stack: 0x000000d561d00000,0x000000d561e00000] [id=21184]
  0x000001ec28e97f40 WatcherThread [stack: 0x000000d562900000,0x000000d562a00000] [id=8060]
  0x000001ec28e82f90 GCTaskThread "GC Thread#0" [stack: 0x000000d561800000,0x000000d561900000] [id=23276]
  0x000001ec28e90520 ConcurrentGCThread "G1 Main Marker" [stack: 0x000000d561900000,0x000000d561a00000] [id=23272]
  0x000001ec28e90f30 ConcurrentGCThread "G1 Conc#0" [stack: 0x000000d561a00000,0x000000d561b00000] [id=23268]
  0x000001ec28eedac0 ConcurrentGCThread "G1 Refine#0" [stack: 0x000000d561b00000,0x000000d561c00000] [id=23260]
  0x000001ec28eee4e0 ConcurrentGCThread "G1 Service" [stack: 0x000000d561c00000,0x000000d561d00000] [id=22508]

Threads with active compile tasks:

VM state: not at safepoint (normal execution)

VM Mutex/Monitor currently owned by a thread:  ([mutex/lock_event])
[0x000001ec28e32e80] Metaspace_lock - owner thread: 0x000001ec28e37320

Heap address: 0x00000000a0e00000, size: 1522 MB, Compressed Oops mode: 32-bit

CDS archive(s) mapped at: [0x0000000800000000-0x0000000800bd0000-0x0000000800bd0000), size 12386304, SharedBaseAddress: 0x0000000800000000, ArchiveRelocationMode: 0.
Compressed class space mapped at: 0x0000000800c00000-0x0000000840c00000, reserved size: 1073741824
Narrow klass base: 0x0000000800000000, Narrow klass shift: 0, Narrow klass range: 0x100000000

GC Precious Log:
 CPUs: 2 total, 2 available
 Memory: 6086M
 Large Page Support: Disabled
 NUMA Support: Disabled
 Compressed Oops: Enabled (32-bit)
 Heap Region Size: 1M
 Heap Min Capacity: 8M
 Heap Initial Capacity: 96M
 Heap Max Capacity: 1522M
 Pre-touch: Disabled
 Parallel Workers: 2
 Concurrent Workers: 1
 Concurrent Refinement Workers: 2
 Periodic GC: Disabled

Heap:
 garbage-first heap   total 98304K, used 4096K [0x00000000a0e00000, 0x0000000100000000)
  region size 1024K, 5 young (5120K), 0 survivors (0K)
 Metaspace       used 4417K, committed 4544K, reserved 1056768K
  class space    used 486K, committed 512K, reserved 1048576K

Heap Regions: E=young(eden), S=young(survivor), O=old, HS=humongous(starts), HC=humongous(continues), CS=collection set, F=free, OA=open archive, CA=closed archive, TAMS=top-at-mark-start (previous, next)
|   0|0x00000000a0e00000, 0x00000000a0e00000, 0x00000000a0f00000|  0%| F|  |TAMS 0x00000000a0e00000, 0x00000000a0e00000| Untracked 
|   1|0x00000000a0f00000, 0x00000000a0f00000, 0x00000000a1000000|  0%| F|  |TAMS 0x00000000a0f00000, 0x00000000a0f00000| Untracked 
|   2|0x00000000a1000000, 0x00000000a1000000, 0x00000000a1100000|  0%| F|  |TAMS 0x00000000a1000000, 0x00000000a1000000| Untracked 
|   3|0x00000000a1100000, 0x00000000a1100000, 0x00000000a1200000|  0%| F|  |TAMS 0x00000000a1100000, 0x00000000a1100000| Untracked 
|   4|0x00000000a1200000, 0x00000000a1200000, 0x00000000a1300000|  0%| F|  |TAMS 0x00000000a1200000, 0x00000000a1200000| Untracked 
|   5|0x00000000a1300000, 0x00000000a1300000, 0x00000000a1400000|  0%| F|  |TAMS 0x00000000a1300000, 0x00000000a1300000| Untracked 
|   6|0x00000000a1400000, 0x00000000a1400000, 0x00000000a1500000|  0%| F|  |TAMS 0x00000000a1400000, 0x00000000a1400000| Untracked 
|   7|0x00000000a1500000, 0x00000000a1500000, 0x00000000a1600000|  0%| F|  |TAMS 0x00000000a1500000, 0x00000000a1500000| Untracked 
|   8|0x00000000a1600000, 0x00000000a1600000, 0x00000000a1700000|  0%| F|  |TAMS 0x00000000a1600000, 0x00000000a1600000| Untracked 
|   9|0x00000000a1700000, 0x00000000a1700000, 0x00000000a1800000|  0%| F|  |TAMS 0x00000000a1700000, 0x00000000a1700000| Untracked 
|  10|0x00000000a1800000, 0x00000000a1800000, 0x00000000a1900000|  0%| F|  |TAMS 0x00000000a1800000, 0x00000000a1800000| Untracked 
|  11|0x00000000a1900000, 0x00000000a1900000, 0x00000000a1a00000|  0%| F|  |TAMS 0x00000000a1900000, 0x00000000a1900000| Untracked 
|  12|0x00000000a1a00000, 0x00000000a1a00000, 0x00000000a1b00000|  0%| F|  |TAMS 0x00000000a1a00000, 0x00000000a1a00000| Untracked 
|  13|0x00000000a1b00000, 0x00000000a1b00000, 0x00000000a1c00000|  0%| F|  |TAMS 0x00000000a1b00000, 0x00000000a1b00000| Untracked 
|  14|0x00000000a1c00000, 0x00000000a1c00000, 0x00000000a1d00000|  0%| F|  |TAMS 0x00000000a1c00000, 0x00000000a1c00000| Untracked 
|  15|0x00000000a1d00000, 0x00000000a1d00000, 0x00000000a1e00000|  0%| F|  |TAMS 0x00000000a1d00000, 0x00000000a1d00000| Untracked 
|  16|0x00000000a1e00000, 0x00000000a1e00000, 0x00000000a1f00000|  0%| F|  |TAMS 0x00000000a1e00000, 0x00000000a1e00000| Untracked 
|  17|0x00000000a1f00000, 0x00000000a1f00000, 0x00000000a2000000|  0%| F|  |TAMS 0x00000000a1f00000, 0x00000000a1f00000| Untracked 
|  18|0x00000000a2000000, 0x00000000a2000000, 0x00000000a2100000|  0%| F|  |TAMS 0x00000000a2000000, 0x00000000a2000000| Untracked 
|  19|0x00000000a2100000, 0x00000000a2100000, 0x00000000a2200000|  0%| F|  |TAMS 0x00000000a2100000, 0x00000000a2100000| Untracked 
|  20|0x00000000a2200000, 0x00000000a2200000, 0x00000000a2300000|  0%| F|  |TAMS 0x00000000a2200000, 0x00000000a2200000| Untracked 
|  21|0x00000000a2300000, 0x00000000a2300000, 0x00000000a2400000|  0%| F|  |TAMS 0x00000000a2300000, 0x00000000a2300000| Untracked 
|  22|0x00000000a2400000, 0x00000000a2400000, 0x00000000a2500000|  0%| F|  |TAMS 0x00000000a2400000, 0x00000000a2400000| Untracked 
|  23|0x00000000a2500000, 0x00000000a2500000, 0x00000000a2600000|  0%| F|  |TAMS 0x00000000a2500000, 0x00000000a2500000| Untracked 
|  24|0x00000000a2600000, 0x00000000a2600000, 0x00000000a2700000|  0%| F|  |TAMS 0x00000000a2600000, 0x00000000a2600000| Untracked 
|  25|0x00000000a2700000, 0x00000000a2700000, 0x00000000a2800000|  0%| F|  |TAMS 0x00000000a2700000, 0x00000000a2700000| Untracked 
|  26|0x00000000a2800000, 0x00000000a2800000, 0x00000000a2900000|  0%| F|  |TAMS 0x00000000a2800000, 0x00000000a2800000| Untracked 
|  27|0x00000000a2900000, 0x00000000a2900000, 0x00000000a2a00000|  0%| F|  |TAMS 0x00000000a2900000, 0x00000000a2900000| Untracked 
|  28|0x00000000a2a00000, 0x00000000a2a00000, 0x00000000a2b00000|  0%| F|  |TAMS 0x00000000a2a00000, 0x00000000a2a00000| Untracked 
|  29|0x00000000a2b00000, 0x00000000a2b00000, 0x00000000a2c00000|  0%| F|  |TAMS 0x00000000a2b00000, 0x00000000a2b00000| Untracked 
|  30|0x00000000a2c00000, 0x00000000a2c00000, 0x00000000a2d00000|  0%| F|  |TAMS 0x00000000a2c00000, 0x00000000a2c00000| Untracked 
|  31|0x00000000a2d00000, 0x00000000a2d00000, 0x00000000a2e00000|  0%| F|  |TAMS 0x00000000a2d00000, 0x00000000a2d00000| Untracked 
|  32|0x00000000a2e00000, 0x00000000a2e00000, 0x00000000a2f00000|  0%| F|  |TAMS 0x00000000a2e00000, 0x00000000a2e00000| Untracked 
|  33|0x00000000a2f00000, 0x00000000a2f00000, 0x00000000a3000000|  0%| F|  |TAMS 0x00000000a2f00000, 0x00000000a2f00000| Untracked 
|  34|0x00000000a3000000, 0x00000000a3000000, 0x00000000a3100000|  0%| F|  |TAMS 0x00000000a3000000, 0x00000000a3000000| Untracked 
|  35|0x00000000a3100000, 0x00000000a3100000, 0x00000000a3200000|  0%| F|  |TAMS 0x00000000a3100000, 0x00000000a3100000| Untracked 
|  36|0x00000000a3200000, 0x00000000a3200000, 0x00000000a3300000|  0%| F|  |TAMS 0x00000000a3200000, 0x00000000a3200000| Untracked 
|  37|0x00000000a3300000, 0x00000000a3300000, 0x00000000a3400000|  0%| F|  |TAMS 0x00000000a3300000, 0x00000000a3300000| Untracked 
|  38|0x00000000a3400000, 0x00000000a3400000, 0x00000000a3500000|  0%| F|  |TAMS 0x00000000a3400000, 0x00000000a3400000| Untracked 
|  39|0x00000000a3500000, 0x00000000a3500000, 0x00000000a3600000|  0%| F|  |TAMS 0x00000000a3500000, 0x00000000a3500000| Untracked 
|  40|0x00000000a3600000, 0x00000000a3600000, 0x00000000a3700000|  0%| F|  |TAMS 0x00000000a3600000, 0x00000000a3600000| Untracked 
|  41|0x00000000a3700000, 0x00000000a3700000, 0x00000000a3800000|  0%| F|  |TAMS 0x00000000a3700000, 0x00000000a3700000| Untracked 
|  42|0x00000000a3800000, 0x00000000a3800000, 0x00000000a3900000|  0%| F|  |TAMS 0x00000000a3800000, 0x00000000a3800000| Untracked 
|  43|0x00000000a3900000, 0x00000000a3900000, 0x00000000a3a00000|  0%| F|  |TAMS 0x00000000a3900000, 0x00000000a3900000| Untracked 
|  44|0x00000000a3a00000, 0x00000000a3a00000, 0x00000000a3b00000|  0%| F|  |TAMS 0x00000000a3a00000, 0x00000000a3a00000| Untracked 
|  45|0x00000000a3b00000, 0x00000000a3b00000, 0x00000000a3c00000|  0%| F|  |TAMS 0x00000000a3b00000, 0x00000000a3b00000| Untracked 
|  46|0x00000000a3c00000, 0x00000000a3c00000, 0x00000000a3d00000|  0%| F|  |TAMS 0x00000000a3c00000, 0x00000000a3c00000| Untracked 
|  47|0x00000000a3d00000, 0x00000000a3d00000, 0x00000000a3e00000|  0%| F|  |TAMS 0x00000000a3d00000, 0x00000000a3d00000| Untracked 
|  48|0x00000000a3e00000, 0x00000000a3e00000, 0x00000000a3f00000|  0%| F|  |TAMS 0x00000000a3e00000, 0x00000000a3e00000| Untracked 
|  49|0x00000000a3f00000, 0x00000000a3f00000, 0x00000000a4000000|  0%| F|  |TAMS 0x00000000a3f00000, 0x00000000a3f00000| Untracked 
|  50|0x00000000a4000000, 0x00000000a4000000, 0x00000000a4100000|  0%| F|  |TAMS 0x00000000a4000000, 0x00000000a4000000| Untracked 
|  51|0x00000000a4100000, 0x00000000a4100000, 0x00000000a4200000|  0%| F|  |TAMS 0x00000000a4100000, 0x00000000a4100000| Untracked 
|  52|0x00000000a4200000, 0x00000000a4200000, 0x00000000a4300000|  0%| F|  |TAMS 0x00000000a4200000, 0x00000000a4200000| Untracked 
|  53|0x00000000a4300000, 0x00000000a4300000, 0x00000000a4400000|  0%| F|  |TAMS 0x00000000a4300000, 0x00000000a4300000| Untracked 
|  54|0x00000000a4400000, 0x00000000a4400000, 0x00000000a4500000|  0%| F|  |TAMS 0x00000000a4400000, 0x00000000a4400000| Untracked 
|  55|0x00000000a4500000, 0x00000000a4500000, 0x00000000a4600000|  0%| F|  |TAMS 0x00000000a4500000, 0x00000000a4500000| Untracked 
|  56|0x00000000a4600000, 0x00000000a4600000, 0x00000000a4700000|  0%| F|  |TAMS 0x00000000a4600000, 0x00000000a4600000| Untracked 
|  57|0x00000000a4700000, 0x00000000a4700000, 0x00000000a4800000|  0%| F|  |TAMS 0x00000000a4700000, 0x00000000a4700000| Untracked 
|  58|0x00000000a4800000, 0x00000000a4800000, 0x00000000a4900000|  0%| F|  |TAMS 0x00000000a4800000, 0x00000000a4800000| Untracked 
|  59|0x00000000a4900000, 0x00000000a4900000, 0x00000000a4a00000|  0%| F|  |TAMS 0x00000000a4900000, 0x00000000a4900000| Untracked 
|  60|0x00000000a4a00000, 0x00000000a4a00000, 0x00000000a4b00000|  0%| F|  |TAMS 0x00000000a4a00000, 0x00000000a4a00000| Untracked 
|  61|0x00000000a4b00000, 0x00000000a4b00000, 0x00000000a4c00000|  0%| F|  |TAMS 0x00000000a4b00000, 0x00000000a4b00000| Untracked 
|  62|0x00000000a4c00000, 0x00000000a4c00000, 0x00000000a4d00000|  0%| F|  |TAMS 0x00000000a4c00000, 0x00000000a4c00000| Untracked 
|  63|0x00000000a4d00000, 0x00000000a4d00000, 0x00000000a4e00000|  0%| F|  |TAMS 0x00000000a4d00000, 0x00000000a4d00000| Untracked 
|  64|0x00000000a4e00000, 0x00000000a4e00000, 0x00000000a4f00000|  0%| F|  |TAMS 0x00000000a4e00000, 0x00000000a4e00000| Untracked 
|  65|0x00000000a4f00000, 0x00000000a4f00000, 0x00000000a5000000|  0%| F|  |TAMS 0x00000000a4f00000, 0x00000000a4f00000| Untracked 
|  66|0x00000000a5000000, 0x00000000a5000000, 0x00000000a5100000|  0%| F|  |TAMS 0x00000000a5000000, 0x00000000a5000000| Untracked 
|  67|0x00000000a5100000, 0x00000000a5100000, 0x00000000a5200000|  0%| F|  |TAMS 0x00000000a5100000, 0x00000000a5100000| Untracked 
|  68|0x00000000a5200000, 0x00000000a5200000, 0x00000000a5300000|  0%| F|  |TAMS 0x00000000a5200000, 0x00000000a5200000| Untracked 
|  69|0x00000000a5300000, 0x00000000a5300000, 0x00000000a5400000|  0%| F|  |TAMS 0x00000000a5300000, 0x00000000a5300000| Untracked 
|  70|0x00000000a5400000, 0x00000000a5400000, 0x00000000a5500000|  0%| F|  |TAMS 0x00000000a5400000, 0x00000000a5400000| Untracked 
|  71|0x00000000a5500000, 0x00000000a5500000, 0x00000000a5600000|  0%| F|  |TAMS 0x00000000a5500000, 0x00000000a5500000| Untracked 
|  72|0x00000000a5600000, 0x00000000a5600000, 0x00000000a5700000|  0%| F|  |TAMS 0x00000000a5600000, 0x00000000a5600000| Untracked 
|  73|0x00000000a5700000, 0x00000000a5700000, 0x00000000a5800000|  0%| F|  |TAMS 0x00000000a5700000, 0x00000000a5700000| Untracked 
|  74|0x00000000a5800000, 0x00000000a5800000, 0x00000000a5900000|  0%| F|  |TAMS 0x00000000a5800000, 0x00000000a5800000| Untracked 
|  75|0x00000000a5900000, 0x00000000a5900000, 0x00000000a5a00000|  0%| F|  |TAMS 0x00000000a5900000, 0x00000000a5900000| Untracked 
|  76|0x00000000a5a00000, 0x00000000a5a00000, 0x00000000a5b00000|  0%| F|  |TAMS 0x00000000a5a00000, 0x00000000a5a00000| Untracked 
|  77|0x00000000a5b00000, 0x00000000a5b00000, 0x00000000a5c00000|  0%| F|  |TAMS 0x00000000a5b00000, 0x00000000a5b00000| Untracked 
|  78|0x00000000a5c00000, 0x00000000a5c00000, 0x00000000a5d00000|  0%| F|  |TAMS 0x00000000a5c00000, 0x00000000a5c00000| Untracked 
|  79|0x00000000a5d00000, 0x00000000a5d00000, 0x00000000a5e00000|  0%| F|  |TAMS 0x00000000a5d00000, 0x00000000a5d00000| Untracked 
|  80|0x00000000a5e00000, 0x00000000a5e00000, 0x00000000a5f00000|  0%| F|  |TAMS 0x00000000a5e00000, 0x00000000a5e00000| Untracked 
|  81|0x00000000a5f00000, 0x00000000a5f00000, 0x00000000a6000000|  0%| F|  |TAMS 0x00000000a5f00000, 0x00000000a5f00000| Untracked 
|  82|0x00000000a6000000, 0x00000000a6000000, 0x00000000a6100000|  0%| F|  |TAMS 0x00000000a6000000, 0x00000000a6000000| Untracked 
|  83|0x00000000a6100000, 0x00000000a6100000, 0x00000000a6200000|  0%| F|  |TAMS 0x00000000a6100000, 0x00000000a6100000| Untracked 
|  84|0x00000000a6200000, 0x00000000a6200000, 0x00000000a6300000|  0%| F|  |TAMS 0x00000000a6200000, 0x00000000a6200000| Untracked 
|  85|0x00000000a6300000, 0x00000000a6300000, 0x00000000a6400000|  0%| F|  |TAMS 0x00000000a6300000, 0x00000000a6300000| Untracked 
|  86|0x00000000a6400000, 0x00000000a6400000, 0x00000000a6500000|  0%| F|  |TAMS 0x00000000a6400000, 0x00000000a6400000| Untracked 
|  87|0x00000000a6500000, 0x00000000a6500000, 0x00000000a6600000|  0%| F|  |TAMS 0x00000000a6500000, 0x00000000a6500000| Untracked 
|  88|0x00000000a6600000, 0x00000000a6600000, 0x00000000a6700000|  0%| F|  |TAMS 0x00000000a6600000, 0x00000000a6600000| Untracked 
|  89|0x00000000a6700000, 0x00000000a6700000, 0x00000000a6800000|  0%| F|  |TAMS 0x00000000a6700000, 0x00000000a6700000| Untracked 
|  90|0x00000000a6800000, 0x00000000a6800000, 0x00000000a6900000|  0%| F|  |TAMS 0x00000000a6800000, 0x00000000a6800000| Untracked 
|  91|0x00000000a6900000, 0x00000000a693dfb0, 0x00000000a6a00000| 24%| E|  |TAMS 0x00000000a6900000, 0x00000000a6900000| Complete 
|  92|0x00000000a6a00000, 0x00000000a6b00000, 0x00000000a6b00000|100%| E|CS|TAMS 0x00000000a6a00000, 0x00000000a6a00000| Complete 
|  93|0x00000000a6b00000, 0x00000000a6c00000, 0x00000000a6c00000|100%| E|CS|TAMS 0x00000000a6b00000, 0x00000000a6b00000| Complete 
|  94|0x00000000a6c00000, 0x00000000a6d00000, 0x00000000a6d00000|100%| E|CS|TAMS 0x00000000a6c00000, 0x00000000a6c00000| Complete 
|  95|0x00000000a6d00000, 0x00000000a6e00000, 0x00000000a6e00000|100%| E|CS|TAMS 0x00000000a6d00000, 0x00000000a6d00000| Complete 

Card table byte_map: [0x000001ec3f6c0000,0x000001ec3f9c0000] _byte_map_base: 0x000001ec3f1b9000

Marking Bits (Prev, Next): (CMBitMap*) 0x000001ec28e835a0, (CMBitMap*) 0x000001ec28e835e0
 Prev Bits: [0x000001ec3fcc0000, 0x000001ec41488000)
 Next Bits: [0x000001ec41490000, 0x000001ec42c58000)

Polling page: 0x000001ec28610000

Metaspace:

Usage:
  Non-class:      3.84 MB used.
      Class:    486.02 KB used.
       Both:      4.31 MB used.

Virtual space:
  Non-class space:        8.00 MB reserved,       3.94 MB ( 49%) committed,  1 nodes.
      Class space:        1.00 GB reserved,     512.00 KB ( <1%) committed,  1 nodes.
             Both:        1.01 GB reserved,       4.44 MB ( <1%) committed. 

Chunk freelists:
   Non-Class:  3.91 MB
       Class:  3.25 MB
        Both:  7.16 MB

MaxMetaspaceSize: unlimited
CompressedClassSpaceSize: 1.00 GB
Initial GC threshold: 21.00 MB
Current GC threshold: 21.00 MB
CDS: on
MetaspaceReclaimPolicy: balanced
 - commit_granule_bytes: 65536.
 - commit_granule_words: 8192.
 - virtual_space_node_default_size: 1048576.
 - enlarge_chunks_in_place: 1.
 - new_chunks_are_fully_committed: 0.
 - uncommit_free_chunks: 1.
 - use_allocation_guard: 0.
 - handle_deallocations: 1.


Internal statistics:

num_allocs_failed_limit: 0.
num_arena_births: 88.
num_arena_deaths: 0.
num_vsnodes_births: 2.
num_vsnodes_deaths: 0.
num_space_committed: 71.
num_space_uncommitted: 0.
num_chunks_returned_to_freelist: 0.
num_chunks_taken_from_freelist: 119.
num_chunk_merges: 0.
num_chunk_splits: 67.
num_chunks_enlarged: 20.
num_purges: 0.
num_inconsistent_stats: 0.

CodeHeap 'non-profiled nmethods': size=120064Kb used=151Kb max_used=151Kb free=119912Kb
 bounds [0x000001ec38180000, 0x000001ec383f0000, 0x000001ec3f6c0000]
CodeHeap 'profiled nmethods': size=120000Kb used=807Kb max_used=807Kb free=119192Kb
 bounds [0x000001ec306c0000, 0x000001ec30930000, 0x000001ec37bf0000]
CodeHeap 'non-nmethods': size=5696Kb used=1188Kb max_used=1197Kb free=4507Kb
 bounds [0x000001ec37bf0000, 0x000001ec37e60000, 0x000001ec38180000]
 total_blobs=1031 nmethods=543 adapters=401
 compilation: enabled
              stopped_count=0, restarted_count=0
 full_count=0

Compilation events (20 events):
Event: 0.842 Thread 0x000001ec44fca6d0  533       3       java.lang.CharacterData::of (136 bytes)
Event: 0.842 Thread 0x000001ec44fca6d0 nmethod 533 0x000001ec30785290 code [0x000001ec307854c0, 0x000001ec30785e58]
Event: 0.842 Thread 0x000001ec44fca6d0  534       3       java.lang.String::endsWith (15 bytes)
Event: 0.843 Thread 0x000001ec44fca6d0 nmethod 534 0x000001ec30786090 code [0x000001ec30786260, 0x000001ec307865a8]
Event: 0.843 Thread 0x000001ec44fca6d0  535       3       sun.util.ResourceBundleEnumeration::hasMoreElements (117 bytes)
Event: 0.843 Thread 0x000001ec44fca6d0 nmethod 535 0x000001ec30786790 code [0x000001ec307869c0, 0x000001ec30787488]
Event: 0.844 Thread 0x000001ec44fca6d0  536       3       java.lang.ref.SoftReference::<init> (13 bytes)
Event: 0.844 Thread 0x000001ec44fca6d0 nmethod 536 0x000001ec30787690 code [0x000001ec30787840, 0x000001ec30787b58]
Event: 0.855 Thread 0x000001ec44fca6d0  538       1       java.lang.reflect.Field::getName (5 bytes)
Event: 0.855 Thread 0x000001ec44fca6d0 nmethod 538 0x000001ec381a5810 code [0x000001ec381a59a0, 0x000001ec381a5a78]
Event: 0.856 Thread 0x000001ec44fca6d0  539       3       sun.util.logging.PlatformLogger::isLoggable (23 bytes)
Event: 0.857 Thread 0x000001ec44fca6d0 nmethod 539 0x000001ec30787c90 code [0x000001ec30787e40, 0x000001ec30788118]
Event: 0.857 Thread 0x000001ec44fca6d0  540       3       jdk.internal.logger.AbstractLoggerWrapper::isLoggable (26 bytes)
Event: 0.857 Thread 0x000001ec44fca6d0 nmethod 540 0x000001ec30788210 code [0x000001ec30788400, 0x000001ec30788998]
Event: 0.858 Thread 0x000001ec44fca6d0  541   !   3       sun.awt.AppContext::get (123 bytes)
Event: 0.858 Thread 0x000001ec44fca6d0 nmethod 541 0x000001ec30788b10 code [0x000001ec30788d20, 0x000001ec30789768]
Event: 0.859 Thread 0x000001ec44fca6d0  542       1       java.beans.PropertyChangeEvent::getPropertyName (5 bytes)
Event: 0.859 Thread 0x000001ec44fca6d0 nmethod 542 0x000001ec381a5b10 code [0x000001ec381a5ca0, 0x000001ec381a5d78]
Event: 0.861 Thread 0x000001ec44fca6d0  543       3       java.lang.Enum::<init> (15 bytes)
Event: 0.861 Thread 0x000001ec44fca6d0 nmethod 543 0x000001ec30789b10 code [0x000001ec30789ca0, 0x000001ec30789e58]

GC Heap History (0 events):
No events

Deoptimization events (4 events):
Event: 0.229 Thread 0x000001ec28e37320 Uncommon trap: trap_request=0xffffff45 fr.pc=0x000001ec3818db28 relative=0x0000000000000748
Event: 0.230 Thread 0x000001ec28e37320 Uncommon trap: reason=unstable_if action=reinterpret pc=0x000001ec3818db28 method=java.util.HashMap.putVal(ILjava/lang/Object;Ljava/lang/Object;ZZ)Ljava/lang/Object; @ 81 c2
Event: 0.230 Thread 0x000001ec28e37320 DEOPT PACKING pc=0x000001ec3818db28 sp=0x000000d5617fe5d0
Event: 0.230 Thread 0x000001ec28e37320 DEOPT UNPACKING pc=0x000001ec37c423a3 sp=0x000000d5617fe570 mode 2

Classes unloaded (0 events):
No events

Classes redefined (0 events):
No events

Internal exceptions (14 events):
Event: 0.157 Thread 0x000001ec28e37320 Exception <a 'sun/nio/fs/WindowsException'{0x00000000a6df3990}> (0x00000000a6df3990) 
thrown [s\open\src\hotspot\share\prims\jni.cpp, line 516]
Event: 0.157 Thread 0x000001ec28e37320 Exception <a 'sun/nio/fs/WindowsException'{0x00000000a6df3f00}> (0x00000000a6df3f00) 
thrown [s\open\src\hotspot\share\prims\jni.cpp, line 516]
Event: 0.160 Thread 0x000001ec28e37320 Exception <a 'sun/nio/fs/WindowsException'{0x00000000a6df75c0}> (0x00000000a6df75c0) 
thrown [s\open\src\hotspot\share\prims\jni.cpp, line 516]
Event: 0.161 Thread 0x000001ec28e37320 Exception <a 'sun/nio/fs/WindowsException'{0x00000000a6df80b8}> (0x00000000a6df80b8) 
thrown [s\open\src\hotspot\share\prims\jni.cpp, line 516]
Event: 0.266 Thread 0x000001ec28e37320 Exception <a 'java/lang/ClassNotFoundException'{0x00000000a6ccd3c0}: sun/awt/resources/spi/awtProvider> (0x00000000a6ccd3c0) 
thrown [s\open\src\hotspot\share\classfile\systemDictionary.cpp, line 256]
Event: 0.343 Thread 0x000001ec28e37320 Exception <a 'java/io/FileNotFoundException'{0x00000000a6b20a50}> (0x00000000a6b20a50) 
thrown [s\open\src\hotspot\share\prims\jni.cpp, line 516]
Event: 0.359 Thread 0x000001ec28e37320 Exception <a 'java/io/FileNotFoundException'{0x00000000a6b4db90}> (0x00000000a6b4db90) 
thrown [s\open\src\hotspot\share\prims\jni.cpp, line 516]
Event: 0.461 Thread 0x000001ec28e37320 Exception <a 'java/lang/NoSuchMethodError'{0x00000000a6b92220}: 'java.lang.Object java.lang.invoke.DirectMethodHandle$Holder.invokeStaticInit(java.lang.Object)'> (0x00000000a6b92220) 
thrown [s\open\src\hotspot\share\interpreter\linkResolver.cpp, line 759]
Event: 0.686 Thread 0x000001ec28e37320 Exception <a 'java/lang/NoSuchMethodError'{0x00000000a6bfbcc8}: 'void java.lang.invoke.DirectMethodHandle$Holder.invokeSpecial(java.lang.Object, java.lang.Object, java.lang.Object)'> (0x00000000a6bfbcc8) 
thrown [s\open\src\hotspot\share\interpreter\linkResolver.cpp, line 759]
Event: 0.706 Thread 0x000001ec28e37320 Exception <a 'java/lang/NoSuchMethodError'{0x00000000a6a26560}: 'java.lang.Object java.lang.invoke.DirectMethodHandle$Holder.newInvokeSpecial(java.lang.Object, java.lang.Object, java.lang.Object, java.lang.Object, java.lang.Object)'> (0x00000000a6a26560) 
thrown [s\open\src\hotspot\share\interpreter\linkResolver.cpp, line 759]
Event: 0.709 Thread 0x000001ec28e37320 Exception <a 'java/lang/NoSuchMethodError'{0x00000000a6a31f28}: 'java.lang.Object java.lang.invoke.DirectMethodHandle$Holder.invokeStatic(java.lang.Object, int, java.lang.Object, java.lang.Object, java.lang.Object, java.lang.Object)'> (0x00000000a6a31f28) 
thrown [s\open\src\hotspot\share\interpreter\linkResolver.cpp, line 759]
Event: 0.720 Thread 0x000001ec28e37320 Exception <a 'java/lang/NoSuchMethodError'{0x00000000a6a57ad0}: 'java.lang.Object java.lang.invoke.DirectMethodHandle$Holder.invokeStatic(java.lang.Object, int, java.lang.Object)'> (0x00000000a6a57ad0) 
thrown [s\open\src\hotspot\share\interpreter\linkResolver.cpp, line 759]
Event: 0.838 Thread 0x000001ec28e37320 Exception <a 'java/lang/ClassNotFoundException'{0x00000000a6910710}: com/sun/swing/internal/plaf/metal/resources/spi/metalProvider> (0x00000000a6910710) 
thrown [s\open\src\hotspot\share\classfile\systemDictionary.cpp, line 256]
Event: 0.840 Thread 0x000001ec28e37320 Exception <a 'java/lang/ClassNotFoundException'{0x00000000a69145b8}: com/sun/swing/internal/plaf/basic/resources/spi/basicProvider> (0x00000000a69145b8) 
thrown [s\open\src\hotspot\share\classfile\systemDictionary.cpp, line 256]

VM Operations (2 events):
Event: 0.164 Executing VM operation: HandshakeAllThreads
Event: 0.164 Executing VM operation: HandshakeAllThreads done

Events (20 events):
Event: 0.864 loading class javax/swing/text/DefaultEditorKit$DeleteNextCharAction done
Event: 0.864 loading class javax/swing/text/DefaultEditorKit$ReadOnlyAction
Event: 0.864 loading class javax/swing/text/DefaultEditorKit$ReadOnlyAction done
Event: 0.864 loading class javax/swing/text/DefaultEditorKit$DeleteWordAction
Event: 0.865 loading class javax/swing/text/DefaultEditorKit$DeleteWordAction done
Event: 0.865 loading class javax/swing/text/DefaultEditorKit$WritableAction
Event: 0.865 loading class javax/swing/text/DefaultEditorKit$WritableAction done
Event: 0.865 loading class javax/swing/text/DefaultEditorKit$CutAction
Event: 0.865 loading class javax/swing/text/DefaultEditorKit$CutAction done
Event: 0.865 loading class javax/swing/text/DefaultEditorKit$CopyAction
Event: 0.865 loading class javax/swing/text/DefaultEditorKit$CopyAction done
Event: 0.865 loading class javax/swing/text/DefaultEditorKit$PasteAction
Event: 0.865 loading class javax/swing/text/DefaultEditorKit$PasteAction done
Event: 0.865 loading class javax/swing/text/DefaultEditorKit$VerticalPageAction
Event: 0.865 loading class javax/swing/text/DefaultEditorKit$VerticalPageAction done
Event: 0.865 loading class javax/swing/text/DefaultEditorKit$PageAction
Event: 0.865 loading class javax/swing/text/DefaultEditorKit$PageAction done
Event: 0.865 loading class javax/swing/text/DefaultEditorKit$InsertBreakAction
Event: 0.865 loading class javax/swing/text/DefaultEditorKit$InsertBreakAction done
Event: 0.865 loading class javax/swing/text/DefaultEditorKit$BeepAction


Dynamic libraries:
0x00007ff782f60000 - 0x00007ff782f70000 	C:\Program Files\Java\jdk-17\bin\java.exe
0x00007ffa85530000 - 0x00007ffa85747000 	C:\Windows\SYSTEM32\ntdll.dll
0x00007ffa84c40000 - 0x00007ffa84d04000 	C:\Windows\System32\KERNEL32.DLL
0x00007ffa828a0000 - 0x00007ffa82c46000 	C:\Windows\System32\KERNELBASE.dll
0x00007ffa82cc0000 - 0x00007ffa82dd1000 	C:\Windows\System32\ucrtbase.dll
0x00007ffa48d60000 - 0x00007ffa48d7b000 	C:\Program Files\Java\jdk-17\bin\VCRUNTIME140.dll
0x00007ffa7dbf0000 - 0x00007ffa7dc09000 	C:\Program Files\Java\jdk-17\bin\jli.dll
0x00007ffa84760000 - 0x00007ffa84811000 	C:\Windows\System32\ADVAPI32.dll
0x00007ffa84b00000 - 0x00007ffa84ba7000 	C:\Windows\System32\msvcrt.dll
0x00007ffa846b0000 - 0x00007ffa84755000 	C:\Windows\System32\sechost.dll
0x00007ffa84540000 - 0x00007ffa84657000 	C:\Windows\System32\RPCRT4.dll
0x00007ffa852b0000 - 0x00007ffa8545e000 	C:\Windows\System32\USER32.dll
0x00007ffa82de0000 - 0x00007ffa82e06000 	C:\Windows\System32\win32u.dll
0x00007ffa84660000 - 0x00007ffa84689000 	C:\Windows\System32\GDI32.dll
0x00007ffa82ff0000 - 0x00007ffa83108000 	C:\Windows\System32\gdi32full.dll
0x00007ffa82e10000 - 0x00007ffa82eaa000 	C:\Windows\System32\msvcp_win.dll
0x00007ffa673d0000 - 0x00007ffa67663000 	C:\Windows\WinSxS\amd64_microsoft.windows.common-controls_6595b64144ccf1df_6.0.22621.2506_none_270c5ae97388e100\COMCTL32.dll
0x00007ffa7a960000 - 0x00007ffa7a96a000 	C:\Windows\SYSTEM32\VERSION.dll
0x00007ffa84840000 - 0x00007ffa84871000 	C:\Windows\System32\IMM32.DLL
0x00007ffa5eac0000 - 0x00007ffa5eacc000 	C:\Program Files\Java\jdk-17\bin\vcruntime140_1.dll
0x00007ffa0f440000 - 0x00007ffa0f4ce000 	C:\Program Files\Java\jdk-17\bin\msvcp140.dll
0x00007ffa0f750000 - 0x00007ffa1032d000 	C:\Program Files\Java\jdk-17\bin\server\jvm.dll
0x00007ffa84830000 - 0x00007ffa84838000 	C:\Windows\System32\PSAPI.DLL
0x00007ffa7b8b0000 - 0x00007ffa7b8b9000 	C:\Windows\SYSTEM32\WSOCK32.dll
0x00007ffa7a970000 - 0x00007ffa7a9a4000 	C:\Windows\SYSTEM32\WINMM.dll
0x00007ffa848d0000 - 0x00007ffa84941000 	C:\Windows\System32\WS2_32.dll
0x00007ffa818a0000 - 0x00007ffa818b8000 	C:\Windows\SYSTEM32\kernel.appcore.dll
0x00007ffa4c4c0000 - 0x00007ffa4c4ca000 	C:\Program Files\Java\jdk-17\bin\jimage.dll
0x00007ffa70d20000 - 0x00007ffa70f53000 	C:\Windows\SYSTEM32\DBGHELP.DLL
0x00007ffa83700000 - 0x00007ffa83a89000 	C:\Windows\System32\combase.dll
0x00007ffa84950000 - 0x00007ffa84a27000 	C:\Windows\System32\OLEAUT32.dll
0x00007ffa69790000 - 0x00007ffa697c2000 	C:\Windows\SYSTEM32\dbgcore.DLL
0x00007ffa82eb0000 - 0x00007ffa82f2a000 	C:\Windows\System32\bcryptPrimitives.dll
0x00007ffa48b70000 - 0x00007ffa48b95000 	C:\Program Files\Java\jdk-17\bin\java.dll
0x00007ffa0f670000 - 0x00007ffa0f747000 	C:\Program Files\Java\jdk-17\bin\jsvml.dll
0x00007ffa83b40000 - 0x00007ffa8439a000 	C:\Windows\System32\SHELL32.dll
0x00007ffa807c0000 - 0x00007ffa810b6000 	C:\Windows\SYSTEM32\windows.storage.dll
0x00007ffa80680000 - 0x00007ffa807be000 	C:\Windows\SYSTEM32\wintypes.dll
0x00007ffa84e60000 - 0x00007ffa84f53000 	C:\Windows\System32\SHCORE.dll
0x00007ffa84a40000 - 0x00007ffa84a9e000 	C:\Windows\System32\shlwapi.dll
0x00007ffa827d0000 - 0x00007ffa827f6000 	C:\Windows\SYSTEM32\profapi.dll
0x00007ffa48d00000 - 0x00007ffa48d19000 	C:\Program Files\Java\jdk-17\bin\net.dll
0x00007ffa78600000 - 0x00007ffa78737000 	C:\Windows\SYSTEM32\WINHTTP.dll
0x00007ffa81d20000 - 0x00007ffa81d89000 	C:\Windows\system32\mswsock.dll
0x00007ffa48b50000 - 0x00007ffa48b66000 	C:\Program Files\Java\jdk-17\bin\nio.dll
0x00007ffa48b30000 - 0x00007ffa48b48000 	C:\Program Files\Java\jdk-17\bin\zip.dll
0x00007ffa0f4d0000 - 0x00007ffa0f661000 	C:\Program Files\Java\jdk-17\bin\awt.dll
0x00007ffa7fb00000 - 0x00007ffa7fb97000 	C:\Windows\SYSTEM32\apphelp.dll
0x00007ffa80030000 - 0x00007ffa8005b000 	C:\Windows\system32\DWMAPI.DLL
0x00007ffa7fde0000 - 0x00007ffa7fe8b000 	C:\Windows\system32\uxtheme.dll
0x00007ffa2e270000 - 0x00007ffa2e370000 	C:\Windows\system32\opengl32.dll
0x00007ffa2dd70000 - 0x00007ffa2dd9d000 	C:\Windows\SYSTEM32\GLU32.dll
0x00007ffa7fec0000 - 0x00007ffa7fef6000 	C:\Windows\SYSTEM32\dxcore.dll
0x00007ffa84d10000 - 0x00007ffa84e60000 	C:\Windows\System32\MSCTF.dll
0x00007ffa843a0000 - 0x00007ffa84540000 	C:\Windows\System32\ole32.dll
0x00007ffa2fe40000 - 0x00007ffa2ffe9000 	C:\Windows\system32\d3d9.dll
0x00007ffa7a9b0000 - 0x00007ffa7ab6b000 	C:\Windows\System32\DriverStore\FileRepository\u0390931.inf_amd64_12d851e1980a239f\B386329\aticfx64.dll
0x00007ffa492d0000 - 0x00007ffa49304000 	C:\Windows\System32\DriverStore\FileRepository\u0390931.inf_amd64_12d851e1980a239f\B386329\atiu9p64.dll
0x00007ffa0e580000 - 0x00007ffa0f2d5000 	C:\Windows\System32\DriverStore\FileRepository\u0390931.inf_amd64_12d851e1980a239f\B386329\atiumd64.dll
0x00007ffa787f0000 - 0x00007ffa78825000 	C:\Windows\SYSTEM32\amdihk64.dll
0x00007ffa7d9f0000 - 0x00007ffa7da3a000 	C:\Windows\SYSTEM32\directxdatabasehelper.dll

dbghelp: loaded successfully - version: 4.0.5 - missing functions: none
symbol engine: initialized successfully - sym options: 0x614 - pdb path: .;C:\Program Files\Java\jdk-17\bin;C:\Windows\SYSTEM32;C:\Windows\WinSxS\amd64_microsoft.windows.common-controls_6595b64144ccf1df_6.0.22621.2506_none_270c5ae97388e100;C:\Program Files\Java\jdk-17\bin\server;C:\Windows\System32\DriverStore\FileRepository\u0390931.inf_amd64_12d851e1980a239f\B386329

VM Arguments:
jvm_args: -Dfile.encoding=UTF-8 --module-path=C:\Users\HP\Documents\NetBeansProjects\hospitalmanagementsystem\build\classes 
java_command: hospitalmanagementsystem.PatientInfo
java_class_path (initial): C:\Users\HP\Documents\NetBeansProjects\hospitalmanagementsystem\lib\mysql-connector-java-8.0.28.jar;C:\Users\HP\Documents\NetBeansProjects\hospitalmanagementsystem\lib\hms.jar;C:\Users\HP\Documents\NetBeansProjects\hospitalmanagementsystem\build\classes
Launcher Type: SUN_STANDARD

[Global flags]
     intx CICompilerCount                          = 2                                         {product} {ergonomic}
     uint ConcGCThreads                            = 1                                         {product} {ergonomic}
     uint G1ConcRefinementThreads                  = 2                                         {product} {ergonomic}
   size_t G1HeapRegionSize                         = 1048576                                   {product} {ergonomic}
    uintx GCDrainStackTargetSize                   = 64                                        {product} {ergonomic}
   size_t InitialHeapSize                          = 100663296                                 {product} {ergonomic}
   size_t MarkStackSize                            = 4194304                                   {product} {ergonomic}
   size_t MaxHeapSize                              = 1595932672                                {product} {ergonomic}
   size_t MaxNewSize                               = 957349888                                 {product} {ergonomic}
   size_t MinHeapDeltaBytes                        = 1048576                                   {product} {ergonomic}
   size_t MinHeapSize                              = 8388608                                   {product} {ergonomic}
    uintx NonNMethodCodeHeapSize                   = 5826188                                {pd product} {ergonomic}
    uintx NonProfiledCodeHeapSize                  = 122916026                              {pd product} {ergonomic}
    uintx ProfiledCodeHeapSize                     = 122916026                              {pd product} {ergonomic}
    uintx ReservedCodeCacheSize                    = 251658240                              {pd product} {ergonomic}
     bool SegmentedCodeCache                       = true                                      {product} {ergonomic}
   size_t SoftMaxHeapSize                          = 1595932672                             {manageable} {ergonomic}
     bool UseCompressedClassPointers               = true                           {product lp64_product} {ergonomic}
     bool UseCompressedOops                        = true                           {product lp64_product} {ergonomic}
     bool UseG1GC                                  = true                                      {product} {ergonomic}
     bool UseLargePagesIndividualAllocation        = false                                  {pd product} {ergonomic}

Logging:
Log output configuration:
 #0: stdout all=warning uptime,level,tags
 #1: stderr all=off uptime,level,tags

Environment Variables:
PATH=C:\Program Files\Common Files\Oracle\Java\javapath;C:\Windows\system32;C:\Windows;C:\Windows\System32\Wbem;C:\Windows\System32\WindowsPowerShell\v1.0\;C:\Windows\System32\OpenSSH\;C:\Program Files\Microsoft SQL Server\150\Tools\Binn\;C:\Program Files\Java\jdk-17\bin;C:\Program Files\MySQL\MySQL Shell 8.0\bin\;C:\Users\HP\AppData\Local\Programs\Python\Python311\Scripts\;C:\Users\HP\AppData\Local\Programs\Python\Python311\;C:\Users\HP\AppData\Local\Microsoft\WindowsApps;;C:\Users\HP\AppData\Local\Programs\Microsoft VS Code\bin
USERNAME=HP
OS=Windows_NT
PROCESSOR_IDENTIFIER=AMD64 Family 23 Model 24 Stepping 1, AuthenticAMD



---------------  S Y S T E M  ---------------

OS:
 Windows 11 , 64 bit Build 22621 (10.0.22621.2506)
OS uptime: 0 days 8:26 hours

CPU: total 2 (initial active 2) (2 cores per cpu, 1 threads per core) family 23 model 24 stepping 1 microcode 0x0, cx8, cmov, fxsr, mmx, 3dnowpref, sse, sse2, sse3, ssse3, sse4a, sse4.1, sse4.2, popcnt, lzcnt, tsc, tscinvbit, avx, avx2, aes, clmul, bmi1, bmi2, adx, sha, fma, vzeroupper, clflush, clflushopt

Memory: 4k page, system-wide physical 6086M (309M free)
TotalPageFile size 24518M (AvailPageFile size 5M)
current process WorkingSet (physical memory assigned to process): 52M, peak: 52M
current process commit charge ("private bytes"): 176M, peak: 178M

vm_info: Java HotSpot(TM) 64-Bit Server VM (17.0.7+8-LTS-224) for windows-amd64 JRE (17.0.7+8-LTS-224), built on Feb 28 2023 23:03:02 by "mach5one" with MS VC++ 17.1 (VS2022)

END.
