#
# There is insufficient memory for the Java Runtime Environment to continue.
# Native memory allocation (malloc) failed to allocate 32744 bytes for ChunkPool::allocate
# Possible reasons:
#   The system is out of physical RAM or swap space
#   The process is running with CompressedOops enabled, and the Java Heap may be blocking the growth of the native heap
# Possible solutions:
#   Reduce memory load on the system
#   Increase physical memory or swap space
#   Check if swap backing store is full
#   Decrease Java heap size (-Xmx/-Xms)
#   Decrease number of Java threads
#   Decrease Java thread stack sizes (-Xss)
#   Set larger code cache with -XX:ReservedCodeCacheSize=
#   JVM is running with Unscaled Compressed Oops mode in which the Java heap is
#     placed in the first 4GB address space. The Java Heap base address is the
#     maximum limit for the native heap growth. Please use -XX:HeapBaseMinAddress
#     to set the Java Heap base and to place the Java Heap above 4GB virtual address.
# This output file may be truncated or incomplete.
#
#  Out of Memory Error (arena.cpp:78), pid=22392, tid=9028
#
# JRE version: Java(TM) SE Runtime Environment (17.0.7+8) (build 17.0.7+8-LTS-224)
# Java VM: Java HotSpot(TM) 64-Bit Server VM (17.0.7+8-LTS-224, mixed mode, sharing, tiered, compressed oops, compressed class ptrs, g1 gc, windows-amd64)
# No core dump will be written. Minidumps are not enabled by default on client versions of Windows
#

---------------  S U M M A R Y ------------

Command Line: -Dfile.encoding=UTF-8 --module-path=C:\Users\HP\Documents\NetBeansProjects\hospitalmanagementsystem\build\classes hospitalmanagementsystem.PatientInfo

Host: AMD Athlon Silver 3050U with Radeon Graphics   , 2 cores, 5G,  Windows 11 , 64 bit Build 22621 (10.0.22621.2506)
Time: Sun Feb 11 20:07:36 2024 India Standard Time elapsed time: 2.753295 seconds (0d 0h 0m 2s)

---------------  T H R E A D  ---------------

Current thread (0x0000013e2e3abac0):  JavaThread "C2 CompilerThread0" daemon [_thread_in_native, id=9028, stack(0x0000000d98900000,0x0000000d98a00000)]


Current CompileTask:
C2:   2753 1208   !   4       sun.font.TrueTypeFont::getTableBuffer (215 bytes)

Stack: [0x0000000d98900000,0x0000000d98a00000]
Native frames: (J=compiled Java code, j=interpreted, Vv=VM code, C=native code)
V  [jvm.dll+0x676a4a]
V  [jvm.dll+0x7d74f4]
V  [jvm.dll+0x7d8c9e]
V  [jvm.dll+0x7d9303]
V  [jvm.dll+0x2452c5]
V  [jvm.dll+0xaac80]
V  [jvm.dll+0xaafcc]
V  [jvm.dll+0x2ab15c]
V  [jvm.dll+0x57f375]
V  [jvm.dll+0x2205f2]
V  [jvm.dll+0x2191f0]
V  [jvm.dll+0x216df9]
V  [jvm.dll+0x1a35e0]
V  [jvm.dll+0x226a6e]
V  [jvm.dll+0x224e15]
V  [jvm.dll+0x78d05c]
V  [jvm.dll+0x78759a]
V  [jvm.dll+0x675875]
C  [ucrtbase.dll+0x29363]
C  [KERNEL32.DLL+0x1257d]
C  [ntdll.dll+0x5aa58]


---------------  P R O C E S S  ---------------

Threads class SMR info:
_java_thread_list=0x0000013e33d483e0, length=18, elements={
0x0000013e2e392ff0, 0x0000013e2e393e60, 0x0000013e2e3a5a40, 0x0000013e2e3a65f0,
0x0000013e2e3a9750, 0x0000013e2e3aa100, 0x0000013e2e3abac0, 0x0000013e2e3bcb20,
0x0000013e2e3c76e0, 0x0000013e2e37faa0, 0x0000013e2f151bf0, 0x0000013e2f2db290,
0x0000013e2f2db760, 0x0000013e2f2e1200, 0x0000013e2f2e16d0, 0x0000013e2f2e3d50,
0x0000013e2f2e4220, 0x0000013e2f2e2a10
}

Java Threads: ( => current thread )
  0x0000013e2e392ff0 JavaThread "Reference Handler" daemon [_thread_blocked, id=3316, stack(0x0000000d98300000,0x0000000d98400000)]
  0x0000013e2e393e60 JavaThread "Finalizer" daemon [_thread_blocked, id=9768, stack(0x0000000d98400000,0x0000000d98500000)]
  0x0000013e2e3a5a40 JavaThread "Signal Dispatcher" daemon [_thread_blocked, id=2512, stack(0x0000000d98500000,0x0000000d98600000)]
  0x0000013e2e3a65f0 JavaThread "Attach Listener" daemon [_thread_blocked, id=23432, stack(0x0000000d98600000,0x0000000d98700000)]
  0x0000013e2e3a9750 JavaThread "Service Thread" daemon [_thread_blocked, id=21948, stack(0x0000000d98700000,0x0000000d98800000)]
  0x0000013e2e3aa100 JavaThread "Monitor Deflation Thread" daemon [_thread_blocked, id=21220, stack(0x0000000d98800000,0x0000000d98900000)]
=>0x0000013e2e3abac0 JavaThread "C2 CompilerThread0" daemon [_thread_in_native, id=9028, stack(0x0000000d98900000,0x0000000d98a00000)]
  0x0000013e2e3bcb20 JavaThread "C1 CompilerThread0" daemon [_thread_in_vm, id=23508, stack(0x0000000d98a00000,0x0000000d98b00000)]
  0x0000013e2e3c76e0 JavaThread "Sweeper thread" daemon [_thread_blocked, id=23360, stack(0x0000000d98b00000,0x0000000d98c00000)]
  0x0000013e2e37faa0 JavaThread "Common-Cleaner" daemon [_thread_blocked, id=4556, stack(0x0000000d98c00000,0x0000000d98d00000)]
  0x0000013e2f151bf0 JavaThread "Notification Thread" daemon [_thread_blocked, id=9128, stack(0x0000000d98d00000,0x0000000d98e00000)]
  0x0000013e2f2db290 JavaThread "Java2D Disposer" daemon [_thread_blocked, id=11084, stack(0x0000000d98f00000,0x0000000d99000000)]
  0x0000013e2f2db760 JavaThread "AWT-Shutdown" [_thread_blocked, id=11372, stack(0x0000000d99000000,0x0000000d99100000)]
  0x0000013e2f2e1200 JavaThread "AWT-Windows" daemon [_thread_in_native, id=21932, stack(0x0000000d99100000,0x0000000d99200000)]
  0x0000013e2f2e16d0 JavaThread "Image Fetcher 0" daemon [_thread_blocked, id=22164, stack(0x0000000d99700000,0x0000000d99800000)]
  0x0000013e2f2e3d50 JavaThread "AWT-EventQueue-0" [_thread_in_native, id=22140, stack(0x0000000d99a00000,0x0000000d99b00000)]
  0x0000013e2f2e4220 JavaThread "DestroyJavaVM" [_thread_blocked, id=20316, stack(0x0000000d97c00000,0x0000000d97d00000)]
  0x0000013e2f2e2a10 JavaThread "D3D Screen Updater" daemon [_thread_blocked, id=21908, stack(0x0000000d99d00000,0x0000000d99e00000)]

Other Threads:
  0x0000013e2e38dc50 VMThread "VM Thread" [stack: 0x0000000d98200000,0x0000000d98300000] [id=21284]
  0x0000013e2f1530d0 WatcherThread [stack: 0x0000000d98e00000,0x0000000d98f00000] [id=4152]
  0x0000013e10323130 GCTaskThread "GC Thread#0" [stack: 0x0000000d97d00000,0x0000000d97e00000] [id=22348]
  0x0000013e33e28a60 GCTaskThread "GC Thread#1" [stack: 0x0000000d99800000,0x0000000d99900000] [id=22228]
  0x0000013e1034d930 ConcurrentGCThread "G1 Main Marker" [stack: 0x0000000d97e00000,0x0000000d97f00000] [id=1468]
  0x0000013e1034eae0 ConcurrentGCThread "G1 Conc#0" [stack: 0x0000000d97f00000,0x0000000d98000000] [id=22316]
  0x0000013e103a8880 ConcurrentGCThread "G1 Refine#0" [stack: 0x0000000d98000000,0x0000000d98100000] [id=22308]
  0x0000013e2f16f490 ConcurrentGCThread "G1 Refine#1" [stack: 0x0000000d99900000,0x0000000d99a00000] [id=22144]
  0x0000013e103a92a0 ConcurrentGCThread "G1 Service" [stack: 0x0000000d98100000,0x0000000d98200000] [id=23280]

Threads with active compile tasks:
C2 CompilerThread0     2791 1208   !   4       sun.font.TrueTypeFont::getTableBuffer (215 bytes)
C1 CompilerThread0     2791 1212   !   3       sun.font.TrueTypeFont::getAllFullNames (30 bytes)

VM state: not at safepoint (normal execution)

VM Mutex/Monitor currently owned by a thread: None

Heap address: 0x00000000a0e00000, size: 1522 MB, Compressed Oops mode: 32-bit

CDS archive(s) mapped at: [0x0000000800000000-0x0000000800bd0000-0x0000000800bd0000), size 12386304, SharedBaseAddress: 0x0000000800000000, ArchiveRelocationMode: 0.
Compressed class space mapped at: 0x0000000800c00000-0x0000000840c00000, reserved size: 1073741824
Narrow klass base: 0x0000000800000000, Narrow klass shift: 0, Narrow klass range: 0x100000000

GC Precious Log:
 CPUs: 2 total, 2 available
 Memory: 6086M
 Large Page Support: Disabled
 NUMA Support: Disabled
 Compressed Oops: Enabled (32-bit)
 Heap Region Size: 1M
 Heap Min Capacity: 8M
 Heap Initial Capacity: 96M
 Heap Max Capacity: 1522M
 Pre-touch: Disabled
 Parallel Workers: 2
 Concurrent Workers: 1
 Concurrent Refinement Workers: 2
 Periodic GC: Disabled

Heap:
 garbage-first heap   total 98304K, used 16201K [0x00000000a0e00000, 0x0000000100000000)
  region size 1024K, 11 young (11264K), 1 survivors (1024K)
 Metaspace       used 8156K, committed 8384K, reserved 1056768K
  class space    used 917K, committed 1024K, reserved 1048576K

Heap Regions: E=young(eden), S=young(survivor), O=old, HS=humongous(starts), HC=humongous(continues), CS=collection set, F=free, OA=open archive, CA=closed archive, TAMS=top-at-mark-start (previous, next)
|   0|0x00000000a0e00000, 0x00000000a0f00000, 0x00000000a0f00000|100%| O|  |TAMS 0x00000000a0e00000, 0x00000000a0e00000| Untracked 
|   1|0x00000000a0f00000, 0x00000000a1000000, 0x00000000a1000000|100%| O|  |TAMS 0x00000000a0f00000, 0x00000000a0f00000| Untracked 
|   2|0x00000000a1000000, 0x00000000a1100000, 0x00000000a1100000|100%|HS|  |TAMS 0x00000000a1000000, 0x00000000a1000000| Complete 
|   3|0x00000000a1100000, 0x00000000a1200000, 0x00000000a1200000|100%|HC|  |TAMS 0x00000000a1100000, 0x00000000a1100000| Complete 
|   4|0x00000000a1200000, 0x00000000a1300000, 0x00000000a1300000|100%|HS|  |TAMS 0x00000000a1200000, 0x00000000a1200000| Complete 
|   5|0x00000000a1300000, 0x00000000a1400000, 0x00000000a1400000|100%|HC|  |TAMS 0x00000000a1300000, 0x00000000a1300000| Complete 
|   6|0x00000000a1400000, 0x00000000a1500000, 0x00000000a1500000|100%|HC|  |TAMS 0x00000000a1400000, 0x00000000a1400000| Complete 
|   7|0x00000000a1500000, 0x00000000a15a6c00, 0x00000000a1600000| 65%| O|  |TAMS 0x00000000a1500000, 0x00000000a1500000| Untracked 
|   8|0x00000000a1600000, 0x00000000a1600000, 0x00000000a1700000|  0%| F|  |TAMS 0x00000000a1600000, 0x00000000a1600000| Untracked 
|   9|0x00000000a1700000, 0x00000000a1700000, 0x00000000a1800000|  0%| F|  |TAMS 0x00000000a1700000, 0x00000000a1700000| Untracked 
|  10|0x00000000a1800000, 0x00000000a1800000, 0x00000000a1900000|  0%| F|  |TAMS 0x00000000a1800000, 0x00000000a1800000| Untracked 
|  11|0x00000000a1900000, 0x00000000a1900000, 0x00000000a1a00000|  0%| F|  |TAMS 0x00000000a1900000, 0x00000000a1900000| Untracked 
|  12|0x00000000a1a00000, 0x00000000a1a00000, 0x00000000a1b00000|  0%| F|  |TAMS 0x00000000a1a00000, 0x00000000a1a00000| Untracked 
|  13|0x00000000a1b00000, 0x00000000a1b00000, 0x00000000a1c00000|  0%| F|  |TAMS 0x00000000a1b00000, 0x00000000a1b00000| Untracked 
|  14|0x00000000a1c00000, 0x00000000a1c00000, 0x00000000a1d00000|  0%| F|  |TAMS 0x00000000a1c00000, 0x00000000a1c00000| Untracked 
|  15|0x00000000a1d00000, 0x00000000a1d00000, 0x00000000a1e00000|  0%| F|  |TAMS 0x00000000a1d00000, 0x00000000a1d00000| Untracked 
|  16|0x00000000a1e00000, 0x00000000a1e00000, 0x00000000a1f00000|  0%| F|  |TAMS 0x00000000a1e00000, 0x00000000a1e00000| Untracked 
|  17|0x00000000a1f00000, 0x00000000a1f00000, 0x00000000a2000000|  0%| F|  |TAMS 0x00000000a1f00000, 0x00000000a1f00000| Untracked 
|  18|0x00000000a2000000, 0x00000000a2000000, 0x00000000a2100000|  0%| F|  |TAMS 0x00000000a2000000, 0x00000000a2000000| Untracked 
|  19|0x00000000a2100000, 0x00000000a2100000, 0x00000000a2200000|  0%| F|  |TAMS 0x00000000a2100000, 0x00000000a2100000| Untracked 
|  20|0x00000000a2200000, 0x00000000a2200000, 0x00000000a2300000|  0%| F|  |TAMS 0x00000000a2200000, 0x00000000a2200000| Untracked 
|  21|0x00000000a2300000, 0x00000000a2300000, 0x00000000a2400000|  0%| F|  |TAMS 0x00000000a2300000, 0x00000000a2300000| Untracked 
|  22|0x00000000a2400000, 0x00000000a2400000, 0x00000000a2500000|  0%| F|  |TAMS 0x00000000a2400000, 0x00000000a2400000| Untracked 
|  23|0x00000000a2500000, 0x00000000a2500000, 0x00000000a2600000|  0%| F|  |TAMS 0x00000000a2500000, 0x00000000a2500000| Untracked 
|  24|0x00000000a2600000, 0x00000000a2600000, 0x00000000a2700000|  0%| F|  |TAMS 0x00000000a2600000, 0x00000000a2600000| Untracked 
|  25|0x00000000a2700000, 0x00000000a2700000, 0x00000000a2800000|  0%| F|  |TAMS 0x00000000a2700000, 0x00000000a2700000| Untracked 
|  26|0x00000000a2800000, 0x00000000a2800000, 0x00000000a2900000|  0%| F|  |TAMS 0x00000000a2800000, 0x00000000a2800000| Untracked 
|  27|0x00000000a2900000, 0x00000000a2900000, 0x00000000a2a00000|  0%| F|  |TAMS 0x00000000a2900000, 0x00000000a2900000| Untracked 
|  28|0x00000000a2a00000, 0x00000000a2a00000, 0x00000000a2b00000|  0%| F|  |TAMS 0x00000000a2a00000, 0x00000000a2a00000| Untracked 
|  29|0x00000000a2b00000, 0x00000000a2b00000, 0x00000000a2c00000|  0%| F|  |TAMS 0x00000000a2b00000, 0x00000000a2b00000| Untracked 
|  30|0x00000000a2c00000, 0x00000000a2c00000, 0x00000000a2d00000|  0%| F|  |TAMS 0x00000000a2c00000, 0x00000000a2c00000| Untracked 
|  31|0x00000000a2d00000, 0x00000000a2d00000, 0x00000000a2e00000|  0%| F|  |TAMS 0x00000000a2d00000, 0x00000000a2d00000| Untracked 
|  32|0x00000000a2e00000, 0x00000000a2e00000, 0x00000000a2f00000|  0%| F|  |TAMS 0x00000000a2e00000, 0x00000000a2e00000| Untracked 
|  33|0x00000000a2f00000, 0x00000000a2f00000, 0x00000000a3000000|  0%| F|  |TAMS 0x00000000a2f00000, 0x00000000a2f00000| Untracked 
|  34|0x00000000a3000000, 0x00000000a3000000, 0x00000000a3100000|  0%| F|  |TAMS 0x00000000a3000000, 0x00000000a3000000| Untracked 
|  35|0x00000000a3100000, 0x00000000a3100000, 0x00000000a3200000|  0%| F|  |TAMS 0x00000000a3100000, 0x00000000a3100000| Untracked 
|  36|0x00000000a3200000, 0x00000000a3200000, 0x00000000a3300000|  0%| F|  |TAMS 0x00000000a3200000, 0x00000000a3200000| Untracked 
|  37|0x00000000a3300000, 0x00000000a3300000, 0x00000000a3400000|  0%| F|  |TAMS 0x00000000a3300000, 0x00000000a3300000| Untracked 
|  38|0x00000000a3400000, 0x00000000a3400000, 0x00000000a3500000|  0%| F|  |TAMS 0x00000000a3400000, 0x00000000a3400000| Untracked 
|  39|0x00000000a3500000, 0x00000000a3500000, 0x00000000a3600000|  0%| F|  |TAMS 0x00000000a3500000, 0x00000000a3500000| Untracked 
|  40|0x00000000a3600000, 0x00000000a3600000, 0x00000000a3700000|  0%| F|  |TAMS 0x00000000a3600000, 0x00000000a3600000| Untracked 
|  41|0x00000000a3700000, 0x00000000a3700000, 0x00000000a3800000|  0%| F|  |TAMS 0x00000000a3700000, 0x00000000a3700000| Untracked 
|  42|0x00000000a3800000, 0x00000000a3800000, 0x00000000a3900000|  0%| F|  |TAMS 0x00000000a3800000, 0x00000000a3800000| Untracked 
|  43|0x00000000a3900000, 0x00000000a3900000, 0x00000000a3a00000|  0%| F|  |TAMS 0x00000000a3900000, 0x00000000a3900000| Untracked 
|  44|0x00000000a3a00000, 0x00000000a3a00000, 0x00000000a3b00000|  0%| F|  |TAMS 0x00000000a3a00000, 0x00000000a3a00000| Untracked 
|  45|0x00000000a3b00000, 0x00000000a3b00000, 0x00000000a3c00000|  0%| F|  |TAMS 0x00000000a3b00000, 0x00000000a3b00000| Untracked 
|  46|0x00000000a3c00000, 0x00000000a3c00000, 0x00000000a3d00000|  0%| F|  |TAMS 0x00000000a3c00000, 0x00000000a3c00000| Untracked 
|  47|0x00000000a3d00000, 0x00000000a3d00000, 0x00000000a3e00000|  0%| F|  |TAMS 0x00000000a3d00000, 0x00000000a3d00000| Untracked 
|  48|0x00000000a3e00000, 0x00000000a3e00000, 0x00000000a3f00000|  0%| F|  |TAMS 0x00000000a3e00000, 0x00000000a3e00000| Untracked 
|  49|0x00000000a3f00000, 0x00000000a3f00000, 0x00000000a4000000|  0%| F|  |TAMS 0x00000000a3f00000, 0x00000000a3f00000| Untracked 
|  50|0x00000000a4000000, 0x00000000a4000000, 0x00000000a4100000|  0%| F|  |TAMS 0x00000000a4000000, 0x00000000a4000000| Untracked 
|  51|0x00000000a4100000, 0x00000000a4100000, 0x00000000a4200000|  0%| F|  |TAMS 0x00000000a4100000, 0x00000000a4100000| Untracked 
|  52|0x00000000a4200000, 0x00000000a4200000, 0x00000000a4300000|  0%| F|  |TAMS 0x00000000a4200000, 0x00000000a4200000| Untracked 
|  53|0x00000000a4300000, 0x00000000a4300000, 0x00000000a4400000|  0%| F|  |TAMS 0x00000000a4300000, 0x00000000a4300000| Untracked 
|  54|0x00000000a4400000, 0x00000000a4400000, 0x00000000a4500000|  0%| F|  |TAMS 0x00000000a4400000, 0x00000000a4400000| Untracked 
|  55|0x00000000a4500000, 0x00000000a4500000, 0x00000000a4600000|  0%| F|  |TAMS 0x00000000a4500000, 0x00000000a4500000| Untracked 
|  56|0x00000000a4600000, 0x00000000a4600000, 0x00000000a4700000|  0%| F|  |TAMS 0x00000000a4600000, 0x00000000a4600000| Untracked 
|  57|0x00000000a4700000, 0x00000000a4700000, 0x00000000a4800000|  0%| F|  |TAMS 0x00000000a4700000, 0x00000000a4700000| Untracked 
|  58|0x00000000a4800000, 0x00000000a4800000, 0x00000000a4900000|  0%| F|  |TAMS 0x00000000a4800000, 0x00000000a4800000| Untracked 
|  59|0x00000000a4900000, 0x00000000a4900000, 0x00000000a4a00000|  0%| F|  |TAMS 0x00000000a4900000, 0x00000000a4900000| Untracked 
|  60|0x00000000a4a00000, 0x00000000a4a00000, 0x00000000a4b00000|  0%| F|  |TAMS 0x00000000a4a00000, 0x00000000a4a00000| Untracked 
|  61|0x00000000a4b00000, 0x00000000a4b00000, 0x00000000a4c00000|  0%| F|  |TAMS 0x00000000a4b00000, 0x00000000a4b00000| Untracked 
|  62|0x00000000a4c00000, 0x00000000a4c00000, 0x00000000a4d00000|  0%| F|  |TAMS 0x00000000a4c00000, 0x00000000a4c00000| Untracked 
|  63|0x00000000a4d00000, 0x00000000a4d00000, 0x00000000a4e00000|  0%| F|  |TAMS 0x00000000a4d00000, 0x00000000a4d00000| Untracked 
|  64|0x00000000a4e00000, 0x00000000a4e00000, 0x00000000a4f00000|  0%| F|  |TAMS 0x00000000a4e00000, 0x00000000a4e00000| Untracked 
|  65|0x00000000a4f00000, 0x00000000a4f00000, 0x00000000a5000000|  0%| F|  |TAMS 0x00000000a4f00000, 0x00000000a4f00000| Untracked 
|  66|0x00000000a5000000, 0x00000000a5000000, 0x00000000a5100000|  0%| F|  |TAMS 0x00000000a5000000, 0x00000000a5000000| Untracked 
|  67|0x00000000a5100000, 0x00000000a5100000, 0x00000000a5200000|  0%| F|  |TAMS 0x00000000a5100000, 0x00000000a5100000| Untracked 
|  68|0x00000000a5200000, 0x00000000a5200000, 0x00000000a5300000|  0%| F|  |TAMS 0x00000000a5200000, 0x00000000a5200000| Untracked 
|  69|0x00000000a5300000, 0x00000000a5300000, 0x00000000a5400000|  0%| F|  |TAMS 0x00000000a5300000, 0x00000000a5300000| Untracked 
|  70|0x00000000a5400000, 0x00000000a5400000, 0x00000000a5500000|  0%| F|  |TAMS 0x00000000a5400000, 0x00000000a5400000| Untracked 
|  71|0x00000000a5500000, 0x00000000a5500000, 0x00000000a5600000|  0%| F|  |TAMS 0x00000000a5500000, 0x00000000a5500000| Untracked 
|  72|0x00000000a5600000, 0x00000000a5600000, 0x00000000a5700000|  0%| F|  |TAMS 0x00000000a5600000, 0x00000000a5600000| Untracked 
|  73|0x00000000a5700000, 0x00000000a5700000, 0x00000000a5800000|  0%| F|  |TAMS 0x00000000a5700000, 0x00000000a5700000| Untracked 
|  74|0x00000000a5800000, 0x00000000a5800000, 0x00000000a5900000|  0%| F|  |TAMS 0x00000000a5800000, 0x00000000a5800000| Untracked 
|  75|0x00000000a5900000, 0x00000000a5900000, 0x00000000a5a00000|  0%| F|  |TAMS 0x00000000a5900000, 0x00000000a5900000| Untracked 
|  76|0x00000000a5a00000, 0x00000000a5a00000, 0x00000000a5b00000|  0%| F|  |TAMS 0x00000000a5a00000, 0x00000000a5a00000| Untracked 
|  77|0x00000000a5b00000, 0x00000000a5b00000, 0x00000000a5c00000|  0%| F|  |TAMS 0x00000000a5b00000, 0x00000000a5b00000| Untracked 
|  78|0x00000000a5c00000, 0x00000000a5c00000, 0x00000000a5d00000|  0%| F|  |TAMS 0x00000000a5c00000, 0x00000000a5c00000| Untracked 
|  79|0x00000000a5d00000, 0x00000000a5d00000, 0x00000000a5e00000|  0%| F|  |TAMS 0x00000000a5d00000, 0x00000000a5d00000| Untracked 
|  80|0x00000000a5e00000, 0x00000000a5e00000, 0x00000000a5f00000|  0%| F|  |TAMS 0x00000000a5e00000, 0x00000000a5e00000| Untracked 
|  81|0x00000000a5f00000, 0x00000000a5f00000, 0x00000000a6000000|  0%| F|  |TAMS 0x00000000a5f00000, 0x00000000a5f00000| Untracked 
|  82|0x00000000a6000000, 0x00000000a6000000, 0x00000000a6100000|  0%| F|  |TAMS 0x00000000a6000000, 0x00000000a6000000| Untracked 
|  83|0x00000000a6100000, 0x00000000a6100000, 0x00000000a6200000|  0%| F|  |TAMS 0x00000000a6100000, 0x00000000a6100000| Untracked 
|  84|0x00000000a6200000, 0x00000000a6200000, 0x00000000a6300000|  0%| F|  |TAMS 0x00000000a6200000, 0x00000000a6200000| Untracked 
|  85|0x00000000a6300000, 0x00000000a636a5b8, 0x00000000a6400000| 41%| E|  |TAMS 0x00000000a6300000, 0x00000000a6300000| Complete 
|  86|0x00000000a6400000, 0x00000000a6500000, 0x00000000a6500000|100%| E|CS|TAMS 0x00000000a6400000, 0x00000000a6400000| Complete 
|  87|0x00000000a6500000, 0x00000000a6600000, 0x00000000a6600000|100%| E|CS|TAMS 0x00000000a6500000, 0x00000000a6500000| Complete 
|  88|0x00000000a6600000, 0x00000000a6700000, 0x00000000a6700000|100%| E|CS|TAMS 0x00000000a6600000, 0x00000000a6600000| Complete 
|  89|0x00000000a6700000, 0x00000000a6800000, 0x00000000a6800000|100%| E|CS|TAMS 0x00000000a6700000, 0x00000000a6700000| Complete 
|  90|0x00000000a6800000, 0x00000000a6900000, 0x00000000a6900000|100%| E|  |TAMS 0x00000000a6800000, 0x00000000a6800000| Complete 
|  91|0x00000000a6900000, 0x00000000a692b9b0, 0x00000000a6a00000| 17%| S|CS|TAMS 0x00000000a6900000, 0x00000000a6900000| Complete 
|  92|0x00000000a6a00000, 0x00000000a6b00000, 0x00000000a6b00000|100%| E|CS|TAMS 0x00000000a6a00000, 0x00000000a6a00000| Complete 
|  93|0x00000000a6b00000, 0x00000000a6c00000, 0x00000000a6c00000|100%| E|CS|TAMS 0x00000000a6b00000, 0x00000000a6b00000| Complete 
|  94|0x00000000a6c00000, 0x00000000a6d00000, 0x00000000a6d00000|100%| E|CS|TAMS 0x00000000a6c00000, 0x00000000a6c00000| Complete 
|  95|0x00000000a6d00000, 0x00000000a6e00000, 0x00000000a6e00000|100%| E|CS|TAMS 0x00000000a6d00000, 0x00000000a6d00000| Complete 

Card table byte_map: [0x0000013e28a40000,0x0000013e28d40000] _byte_map_base: 0x0000013e28539000

Marking Bits (Prev, Next): (CMBitMap*) 0x0000013e10323740, (CMBitMap*) 0x0000013e10323780
 Prev Bits: [0x0000013e29040000, 0x0000013e2a808000)
 Next Bits: [0x0000013e2a810000, 0x0000013e2bfd8000)

Polling page: 0x0000013e103b0000

Metaspace:

Usage:
  Non-class:      7.07 MB used.
      Class:    917.16 KB used.
       Both:      7.97 MB used.

Virtual space:
  Non-class space:        8.00 MB reserved,       7.19 MB ( 90%) committed,  1 nodes.
      Class space:        1.00 GB reserved,       1.00 MB ( <1%) committed,  1 nodes.
             Both:        1.01 GB reserved,       8.19 MB ( <1%) committed. 

Chunk freelists:
   Non-Class:  495.00 KB
       Class:  3.05 MB
        Both:  3.53 MB

MaxMetaspaceSize: unlimited
CompressedClassSpaceSize: 1.00 GB
Initial GC threshold: 21.00 MB
Current GC threshold: 21.00 MB
CDS: on
MetaspaceReclaimPolicy: balanced
 - commit_granule_bytes: 65536.
 - commit_granule_words: 8192.
 - virtual_space_node_default_size: 1048576.
 - enlarge_chunks_in_place: 1.
 - new_chunks_are_fully_committed: 0.
 - uncommit_free_chunks: 1.
 - use_allocation_guard: 0.
 - handle_deallocations: 1.


Internal statistics:

num_allocs_failed_limit: 0.
num_arena_births: 118.
num_arena_deaths: 0.
num_vsnodes_births: 2.
num_vsnodes_deaths: 0.
num_space_committed: 131.
num_space_uncommitted: 0.
num_chunks_returned_to_freelist: 0.
num_chunks_taken_from_freelist: 162.
num_chunk_merges: 0.
num_chunk_splits: 92.
num_chunks_enlarged: 33.
num_purges: 0.
num_inconsistent_stats: 0.

CodeHeap 'non-profiled nmethods': size=120064Kb used=330Kb max_used=330Kb free=119733Kb
 bounds [0x0000013e20df0000, 0x0000013e21060000, 0x0000013e28330000]
CodeHeap 'profiled nmethods': size=120000Kb used=2024Kb max_used=2024Kb free=117975Kb
 bounds [0x0000013e19330000, 0x0000013e195a0000, 0x0000013e20860000]
CodeHeap 'non-nmethods': size=5696Kb used=1286Kb max_used=1301Kb free=4409Kb
 bounds [0x0000013e20860000, 0x0000013e20ad0000, 0x0000013e20df0000]
 total_blobs=1825 nmethods=1208 adapters=530
 compilation: enabled
              stopped_count=0, restarted_count=0
 full_count=0

Compilation events (20 events):
Event: 2.720 Thread 0x0000013e2e3bcb20 nmethod 1197 0x0000013e19526c10 code [0x0000013e19526dc0, 0x0000013e19527038]
Event: 2.720 Thread 0x0000013e2e3bcb20 1198       3       sun.nio.ch.FileDispatcherImpl::<init> (5 bytes)
Event: 2.721 Thread 0x0000013e2e3bcb20 nmethod 1198 0x0000013e19527110 code [0x0000013e195272c0, 0x0000013e195274f8]
Event: 2.721 Thread 0x0000013e2e3bcb20 1199       3       sun.nio.ch.FileDispatcher::<init> (5 bytes)
Event: 2.721 Thread 0x0000013e2e3bcb20 nmethod 1199 0x0000013e19527610 code [0x0000013e195277c0, 0x0000013e19527978]
Event: 2.721 Thread 0x0000013e2e3bcb20 1200       3       sun.nio.ch.NativeDispatcher::<init> (5 bytes)
Event: 2.721 Thread 0x0000013e2e3bcb20 nmethod 1200 0x0000013e19527a90 code [0x0000013e19527c20, 0x0000013e19527d78]
Event: 2.721 Thread 0x0000013e2e3bcb20 1201       3       sun.nio.ch.FileDispatcherImpl::size (5 bytes)
Event: 2.721 Thread 0x0000013e2e3bcb20 nmethod 1201 0x0000013e19527e10 code [0x0000013e19527fa0, 0x0000013e195280e8]
Event: 2.721 Thread 0x0000013e2e3abac0 1204       4       java.nio.ByteBuffer::flip (7 bytes)
Event: 2.722 Thread 0x0000013e2e3abac0 nmethod 1204 0x0000013e20e42710 code [0x0000013e20e42880, 0x0000013e20e42918]
Event: 2.722 Thread 0x0000013e2e3bcb20 1205       3       java.util.HashSet::toArray (16 bytes)
Event: 2.722 Thread 0x0000013e2e3bcb20 nmethod 1205 0x0000013e19528190 code [0x0000013e19528340, 0x0000013e19528558]
Event: 2.722 Thread 0x0000013e2e3bcb20 1206       3       java.util.HashMap::prepareArray (38 bytes)
Event: 2.723 Thread 0x0000013e2e3bcb20 nmethod 1206 0x0000013e19528610 code [0x0000013e19528800, 0x0000013e19528e18]
Event: 2.727 Thread 0x0000013e2e3bcb20 1207       3       java.lang.StringUTF16::newBytesFor (61 bytes)
Event: 2.728 Thread 0x0000013e2e3bcb20 nmethod 1207 0x0000013e19529010 code [0x0000013e19529280, 0x0000013e19529b68]
Event: 2.729 Thread 0x0000013e2e3abac0 1208   !   4       sun.font.TrueTypeFont::getTableBuffer (215 bytes)
Event: 2.733 Thread 0x0000013e2e3bcb20 1209       3       sun.nio.ch.FileChannelImpl::open (16 bytes)
Event: 2.733 Thread 0x0000013e2e3bcb20 nmethod 1209 0x0000013e19529e90 code [0x0000013e1952a040, 0x0000013e1952a208]

GC Heap History (4 events):
Event: 1.528 GC heap before
{Heap before GC invocations=0 (full 0):
 garbage-first heap   total 98304K, used 6144K [0x00000000a0e00000, 0x0000000100000000)
  region size 1024K, 6 young (6144K), 0 survivors (0K)
 Metaspace       used 5683K, committed 5888K, reserved 1056768K
  class space    used 643K, committed 768K, reserved 1048576K
}
Event: 1.547 GC heap after
{Heap after GC invocations=1 (full 0):
 garbage-first heap   total 98304K, used 2536K [0x00000000a0e00000, 0x0000000100000000)
  region size 1024K, 1 young (1024K), 1 survivors (1024K)
 Metaspace       used 5683K, committed 5888K, reserved 1056768K
  class space    used 643K, committed 768K, reserved 1048576K
}
Event: 1.645 GC heap before
{Heap before GC invocations=1 (full 0):
 garbage-first heap   total 98304K, used 10728K [0x00000000a0e00000, 0x0000000100000000)
  region size 1024K, 5 young (5120K), 1 survivors (1024K)
 Metaspace       used 5974K, committed 6144K, reserved 1056768K
  class space    used 671K, committed 768K, reserved 1048576K
}
Event: 1.650 GC heap after
{Heap after GC invocations=2 (full 0):
 garbage-first heap   total 98304K, used 8009K [0x00000000a0e00000, 0x0000000100000000)
  region size 1024K, 1 young (1024K), 1 survivors (1024K)
 Metaspace       used 5974K, committed 6144K, reserved 1056768K
  class space    used 671K, committed 768K, reserved 1048576K
}

Deoptimization events (20 events):
Event: 2.000 Thread 0x0000013e2f2e3d50 DEOPT PACKING pc=0x0000013e20e21b78 sp=0x0000000d99afd8e0
Event: 2.000 Thread 0x0000013e2f2e3d50 DEOPT UNPACKING pc=0x0000013e208b23a3 sp=0x0000000d99afd7f8 mode 2
Event: 2.000 Thread 0x0000013e2f2e3d50 Uncommon trap: trap_request=0xffffffc6 fr.pc=0x0000013e20e201fc relative=0x000000000000043c
Event: 2.001 Thread 0x0000013e2f2e3d50 Uncommon trap: reason=bimorphic_or_optimized_type_check action=maybe_recompile pc=0x0000013e20e201fc method=java.util.HashMap.getNode(Ljava/lang/Object;)Ljava/util/HashMap$Node; @ 63 c2
Event: 2.001 Thread 0x0000013e2f2e3d50 DEOPT PACKING pc=0x0000013e20e201fc sp=0x0000000d99afd980
Event: 2.001 Thread 0x0000013e2f2e3d50 DEOPT UNPACKING pc=0x0000013e208b23a3 sp=0x0000000d99afd908 mode 2
Event: 2.078 Thread 0x0000013e2f2e3d50 DEOPT PACKING pc=0x0000013e1947b8e2 sp=0x0000000d99afd500
Event: 2.078 Thread 0x0000013e2f2e3d50 DEOPT UNPACKING pc=0x0000013e208b2b43 sp=0x0000000d99afc988 mode 0
Event: 2.078 Thread 0x0000013e2f2e3d50 DEOPT PACKING pc=0x0000013e1947b8e2 sp=0x0000000d99afd550
Event: 2.078 Thread 0x0000013e2f2e3d50 DEOPT UNPACKING pc=0x0000013e208b2b43 sp=0x0000000d99afc9d8 mode 0
Event: 2.079 Thread 0x0000013e2f2e3d50 DEOPT PACKING pc=0x0000013e1947b8e2 sp=0x0000000d99afd550
Event: 2.079 Thread 0x0000013e2f2e3d50 DEOPT UNPACKING pc=0x0000013e208b2b43 sp=0x0000000d99afc9d8 mode 0
Event: 2.677 Thread 0x0000013e2f2e3d50 Uncommon trap: trap_request=0xffffff45 fr.pc=0x0000013e20dfab2c relative=0x00000000000001ac
Event: 2.678 Thread 0x0000013e2f2e3d50 Uncommon trap: reason=unstable_if action=reinterpret pc=0x0000013e20dfab2c method=java.lang.String.isLatin1()Z @ 10 c2
Event: 2.678 Thread 0x0000013e2f2e3d50 DEOPT PACKING pc=0x0000013e20dfab2c sp=0x0000000d99afd300
Event: 2.678 Thread 0x0000013e2f2e3d50 DEOPT UNPACKING pc=0x0000013e208b23a3 sp=0x0000000d99afd230 mode 2
Event: 2.716 Thread 0x0000013e2f2e3d50 Uncommon trap: trap_request=0xffffff45 fr.pc=0x0000013e20e40530 relative=0x00000000000003f0
Event: 2.716 Thread 0x0000013e2f2e3d50 Uncommon trap: reason=unstable_if action=reinterpret pc=0x0000013e20e40530 method=java.lang.Character.isSurrogate(C)Z @ 3 c2
Event: 2.716 Thread 0x0000013e2f2e3d50 DEOPT PACKING pc=0x0000013e20e40530 sp=0x0000000d99afcff0
Event: 2.716 Thread 0x0000013e2f2e3d50 DEOPT UNPACKING pc=0x0000013e208b23a3 sp=0x0000000d99afcf08 mode 2

Classes unloaded (0 events):
No events

Classes redefined (0 events):
No events

Internal exceptions (17 events):
Event: 0.267 Thread 0x0000013e102d7530 Exception <a 'sun/nio/fs/WindowsException'{0x00000000a6df39a0}> (0x00000000a6df39a0) 
thrown [s\open\src\hotspot\share\prims\jni.cpp, line 516]
Event: 0.268 Thread 0x0000013e102d7530 Exception <a 'sun/nio/fs/WindowsException'{0x00000000a6df3f10}> (0x00000000a6df3f10) 
thrown [s\open\src\hotspot\share\prims\jni.cpp, line 516]
Event: 0.282 Thread 0x0000013e102d7530 Exception <a 'sun/nio/fs/WindowsException'{0x00000000a6df75d0}> (0x00000000a6df75d0) 
thrown [s\open\src\hotspot\share\prims\jni.cpp, line 516]
Event: 0.282 Thread 0x0000013e102d7530 Exception <a 'sun/nio/fs/WindowsException'{0x00000000a6df80c8}> (0x00000000a6df80c8) 
thrown [s\open\src\hotspot\share\prims\jni.cpp, line 516]
Event: 0.463 Thread 0x0000013e102d7530 Exception <a 'java/lang/ClassNotFoundException'{0x00000000a6ccd3c0}: sun/awt/resources/spi/awtProvider> (0x00000000a6ccd3c0) 
thrown [s\open\src\hotspot\share\classfile\systemDictionary.cpp, line 256]
Event: 0.559 Thread 0x0000013e102d7530 Exception <a 'java/io/FileNotFoundException'{0x00000000a6b20a50}> (0x00000000a6b20a50) 
thrown [s\open\src\hotspot\share\prims\jni.cpp, line 516]
Event: 0.571 Thread 0x0000013e102d7530 Exception <a 'java/io/FileNotFoundException'{0x00000000a6b4db90}> (0x00000000a6b4db90) 
thrown [s\open\src\hotspot\share\prims\jni.cpp, line 516]
Event: 0.695 Thread 0x0000013e102d7530 Exception <a 'java/lang/NoSuchMethodError'{0x00000000a6b92220}: 'java.lang.Object java.lang.invoke.DirectMethodHandle$Holder.invokeStaticInit(java.lang.Object)'> (0x00000000a6b92220) 
thrown [s\open\src\hotspot\share\interpreter\linkResolver.cpp, line 759]
Event: 0.995 Thread 0x0000013e102d7530 Exception <a 'java/lang/NoSuchMethodError'{0x00000000a6bfbcc8}: 'void java.lang.invoke.DirectMethodHandle$Holder.invokeSpecial(java.lang.Object, java.lang.Object, java.lang.Object)'> (0x00000000a6bfbcc8) 
thrown [s\open\src\hotspot\share\interpreter\linkResolver.cpp, line 759]
Event: 1.018 Thread 0x0000013e102d7530 Exception <a 'java/lang/NoSuchMethodError'{0x00000000a6a26560}: 'java.lang.Object java.lang.invoke.DirectMethodHandle$Holder.newInvokeSpecial(java.lang.Object, java.lang.Object, java.lang.Object, java.lang.Object, java.lang.Object)'> (0x00000000a6a26560) 
thrown [s\open\src\hotspot\share\interpreter\linkResolver.cpp, line 759]
Event: 1.028 Thread 0x0000013e102d7530 Exception <a 'java/lang/NoSuchMethodError'{0x00000000a6a31f28}: 'java.lang.Object java.lang.invoke.DirectMethodHandle$Holder.invokeStatic(java.lang.Object, int, java.lang.Object, java.lang.Object, java.lang.Object, java.lang.Object)'> (0x00000000a6a31f28) 
thrown [s\open\src\hotspot\share\interpreter\linkResolver.cpp, line 759]
Event: 1.044 Thread 0x0000013e102d7530 Exception <a 'java/lang/NoSuchMethodError'{0x00000000a6a57ad0}: 'java.lang.Object java.lang.invoke.DirectMethodHandle$Holder.invokeStatic(java.lang.Object, int, java.lang.Object)'> (0x00000000a6a57ad0) 
thrown [s\open\src\hotspot\share\interpreter\linkResolver.cpp, line 759]
Event: 1.132 Thread 0x0000013e102d7530 Exception <a 'java/lang/ClassNotFoundException'{0x00000000a6910710}: com/sun/swing/internal/plaf/metal/resources/spi/metalProvider> (0x00000000a6910710) 
thrown [s\open\src\hotspot\share\classfile\systemDictionary.cpp, line 256]
Event: 1.137 Thread 0x0000013e102d7530 Exception <a 'java/lang/ClassNotFoundException'{0x00000000a69145b8}: com/sun/swing/internal/plaf/basic/resources/spi/basicProvider> (0x00000000a69145b8) 
thrown [s\open\src\hotspot\share\classfile\systemDictionary.cpp, line 256]
Event: 1.520 Thread 0x0000013e2f2e16d0 Exception <a 'java/lang/NoSuchMethodError'{0x00000000a68f5b28}: 'java.lang.Object java.lang.invoke.DirectMethodHandle$Holder.newInvokeSpecial(java.lang.Object, java.lang.Object, java.lang.Object, int, int, int, int, int)'> (0x00000000a68f5b28) 
thrown [s\open\src\hotspot\share\interpreter\linkResolver.cpp, line 759]
Event: 1.703 Thread 0x0000013e102d7530 Exception <a 'java/lang/NoSuchMethodError'{0x00000000a6d55780}: 'void java.lang.invoke.DirectMethodHandle$Holder.invokeStaticInit(java.lang.Object)'> (0x00000000a6d55780) 
thrown [s\open\src\hotspot\share\interpreter\linkResolver.cpp, line 759]
Event: 1.870 Thread 0x0000013e2f2e1200 Exception <a 'java/lang/NoSuchMethodError'{0x00000000a6d08fc0}: 'void java.lang.invoke.DirectMethodHandle$Holder.invokeVirtual(java.lang.Object, java.lang.Object)'> (0x00000000a6d08fc0) 
thrown [s\open\src\hotspot\share\interpreter\linkResolver.cpp, line 759]

VM Operations (14 events):
Event: 0.288 Executing VM operation: HandshakeAllThreads
Event: 0.289 Executing VM operation: HandshakeAllThreads done
Event: 1.257 Executing VM operation: HandshakeAllThreads
Event: 1.257 Executing VM operation: HandshakeAllThreads done
Event: 1.257 Executing VM operation: Cleanup
Event: 1.257 Executing VM operation: Cleanup done
Event: 1.528 Executing VM operation: G1CollectForAllocation
Event: 1.547 Executing VM operation: G1CollectForAllocation done
Event: 1.645 Executing VM operation: G1CollectForAllocation
Event: 1.650 Executing VM operation: G1CollectForAllocation done
Event: 1.755 Executing VM operation: HandshakeAllThreads
Event: 1.755 Executing VM operation: HandshakeAllThreads done
Event: 1.885 Executing VM operation: HandshakeAllThreads
Event: 1.886 Executing VM operation: HandshakeAllThreads done

Events (20 events):
Event: 2.013 loading class javax/swing/text/Segment done
Event: 2.013 loading class javax/swing/text/SegmentCache$CachedSegment done
Event: 2.013 loading class javax/swing/text/Utilities
Event: 2.014 loading class javax/swing/text/Utilities done
Event: 2.016 loading class javax/swing/event/ChangeEvent
Event: 2.016 loading class javax/swing/event/ChangeEvent done
Event: 2.016 loading class java/applet/Applet
Event: 2.017 loading class java/awt/Panel
Event: 2.017 loading class java/awt/Panel done
Event: 2.017 loading class java/applet/Applet done
Event: 2.018 loading class sun/font/SunFontManager$FamilyDescription
Event: 2.018 loading class sun/font/SunFontManager$FamilyDescription done
Event: 2.070 loading class sun/font/SunFontManager$4
Event: 2.070 loading class sun/font/SunFontManager$4 done
Event: 2.109 loading class sun/font/SunFontManager$9
Event: 2.109 loading class sun/font/SunFontManager$9 done
Event: 2.112 loading class sun/font/SunFontManager$10
Event: 2.112 loading class sun/font/SunFontManager$10 done
Event: 2.686 loading class jdk/internal/access/foreign/MemorySegmentProxy
Event: 2.686 loading class jdk/internal/access/foreign/MemorySegmentProxy done


Dynamic libraries:
0x00007ff782f60000 - 0x00007ff782f70000 	C:\Program Files\Java\jdk-17\bin\java.exe
0x00007ffa85530000 - 0x00007ffa85747000 	C:\Windows\SYSTEM32\ntdll.dll
0x00007ffa84c40000 - 0x00007ffa84d04000 	C:\Windows\System32\KERNEL32.DLL
0x00007ffa828a0000 - 0x00007ffa82c46000 	C:\Windows\System32\KERNELBASE.dll
0x00007ffa82cc0000 - 0x00007ffa82dd1000 	C:\Windows\System32\ucrtbase.dll
0x00007ffa48d60000 - 0x00007ffa48d7b000 	C:\Program Files\Java\jdk-17\bin\VCRUNTIME140.dll
0x00007ffa7dbf0000 - 0x00007ffa7dc09000 	C:\Program Files\Java\jdk-17\bin\jli.dll
0x00007ffa84760000 - 0x00007ffa84811000 	C:\Windows\System32\ADVAPI32.dll
0x00007ffa84b00000 - 0x00007ffa84ba7000 	C:\Windows\System32\msvcrt.dll
0x00007ffa846b0000 - 0x00007ffa84755000 	C:\Windows\System32\sechost.dll
0x00007ffa84540000 - 0x00007ffa84657000 	C:\Windows\System32\RPCRT4.dll
0x00007ffa852b0000 - 0x00007ffa8545e000 	C:\Windows\System32\USER32.dll
0x00007ffa82de0000 - 0x00007ffa82e06000 	C:\Windows\System32\win32u.dll
0x00007ffa84660000 - 0x00007ffa84689000 	C:\Windows\System32\GDI32.dll
0x00007ffa82ff0000 - 0x00007ffa83108000 	C:\Windows\System32\gdi32full.dll
0x00007ffa82e10000 - 0x00007ffa82eaa000 	C:\Windows\System32\msvcp_win.dll
0x00007ffa673d0000 - 0x00007ffa67663000 	C:\Windows\WinSxS\amd64_microsoft.windows.common-controls_6595b64144ccf1df_6.0.22621.2506_none_270c5ae97388e100\COMCTL32.dll
0x00007ffa7a960000 - 0x00007ffa7a96a000 	C:\Windows\SYSTEM32\VERSION.dll
0x00007ffa84840000 - 0x00007ffa84871000 	C:\Windows\System32\IMM32.DLL
0x00007ffa5eac0000 - 0x00007ffa5eacc000 	C:\Program Files\Java\jdk-17\bin\vcruntime140_1.dll
0x00007ffa0f440000 - 0x00007ffa0f4ce000 	C:\Program Files\Java\jdk-17\bin\msvcp140.dll
0x00007ffa0f750000 - 0x00007ffa1032d000 	C:\Program Files\Java\jdk-17\bin\server\jvm.dll
0x00007ffa84830000 - 0x00007ffa84838000 	C:\Windows\System32\PSAPI.DLL
0x00007ffa7b8b0000 - 0x00007ffa7b8b9000 	C:\Windows\SYSTEM32\WSOCK32.dll
0x00007ffa848d0000 - 0x00007ffa84941000 	C:\Windows\System32\WS2_32.dll
0x00007ffa7a970000 - 0x00007ffa7a9a4000 	C:\Windows\SYSTEM32\WINMM.dll
0x00007ffa818a0000 - 0x00007ffa818b8000 	C:\Windows\SYSTEM32\kernel.appcore.dll
0x00007ffa4c4c0000 - 0x00007ffa4c4ca000 	C:\Program Files\Java\jdk-17\bin\jimage.dll
0x00007ffa70d20000 - 0x00007ffa70f53000 	C:\Windows\SYSTEM32\DBGHELP.DLL
0x00007ffa83700000 - 0x00007ffa83a89000 	C:\Windows\System32\combase.dll
0x00007ffa84950000 - 0x00007ffa84a27000 	C:\Windows\System32\OLEAUT32.dll
0x00007ffa69790000 - 0x00007ffa697c2000 	C:\Windows\SYSTEM32\dbgcore.DLL
0x00007ffa82eb0000 - 0x00007ffa82f2a000 	C:\Windows\System32\bcryptPrimitives.dll
0x00007ffa48b70000 - 0x00007ffa48b95000 	C:\Program Files\Java\jdk-17\bin\java.dll
0x00007ffa0f670000 - 0x00007ffa0f747000 	C:\Program Files\Java\jdk-17\bin\jsvml.dll
0x00007ffa83b40000 - 0x00007ffa8439a000 	C:\Windows\System32\SHELL32.dll
0x00007ffa807c0000 - 0x00007ffa810b6000 	C:\Windows\SYSTEM32\windows.storage.dll
0x00007ffa80680000 - 0x00007ffa807be000 	C:\Windows\SYSTEM32\wintypes.dll
0x00007ffa84e60000 - 0x00007ffa84f53000 	C:\Windows\System32\SHCORE.dll
0x00007ffa84a40000 - 0x00007ffa84a9e000 	C:\Windows\System32\shlwapi.dll
0x00007ffa827d0000 - 0x00007ffa827f6000 	C:\Windows\SYSTEM32\profapi.dll
0x00007ffa48d00000 - 0x00007ffa48d19000 	C:\Program Files\Java\jdk-17\bin\net.dll
0x00007ffa78600000 - 0x00007ffa78737000 	C:\Windows\SYSTEM32\WINHTTP.dll
0x00007ffa81d20000 - 0x00007ffa81d89000 	C:\Windows\system32\mswsock.dll
0x00007ffa48b50000 - 0x00007ffa48b66000 	C:\Program Files\Java\jdk-17\bin\nio.dll
0x00007ffa48b30000 - 0x00007ffa48b48000 	C:\Program Files\Java\jdk-17\bin\zip.dll
0x00007ffa0f4d0000 - 0x00007ffa0f661000 	C:\Program Files\Java\jdk-17\bin\awt.dll
0x00007ffa7fb00000 - 0x00007ffa7fb97000 	C:\Windows\SYSTEM32\apphelp.dll
0x00007ffa80030000 - 0x00007ffa8005b000 	C:\Windows\system32\DWMAPI.DLL
0x00007ffa7fde0000 - 0x00007ffa7fe8b000 	C:\Windows\system32\uxtheme.dll
0x00007ffa2e270000 - 0x00007ffa2e370000 	C:\Windows\system32\opengl32.dll
0x00007ffa2dd70000 - 0x00007ffa2dd9d000 	C:\Windows\SYSTEM32\GLU32.dll
0x00007ffa7fec0000 - 0x00007ffa7fef6000 	C:\Windows\SYSTEM32\dxcore.dll
0x00007ffa84d10000 - 0x00007ffa84e60000 	C:\Windows\System32\MSCTF.dll
0x00007ffa843a0000 - 0x00007ffa84540000 	C:\Windows\System32\ole32.dll
0x00007ffa2fe40000 - 0x00007ffa2ffe9000 	C:\Windows\system32\d3d9.dll
0x00007ffa7a9b0000 - 0x00007ffa7ab6b000 	C:\Windows\System32\DriverStore\FileRepository\u0390931.inf_amd64_12d851e1980a239f\B386329\aticfx64.dll
0x00007ffa492d0000 - 0x00007ffa49304000 	C:\Windows\System32\DriverStore\FileRepository\u0390931.inf_amd64_12d851e1980a239f\B386329\atiu9p64.dll
0x00007ffa0e580000 - 0x00007ffa0f2d5000 	C:\Windows\System32\DriverStore\FileRepository\u0390931.inf_amd64_12d851e1980a239f\B386329\atiumd64.dll
0x000000006d430000 - 0x000000006e357000 	C:\Windows\System32\DriverStore\FileRepository\u0390931.inf_amd64_12d851e1980a239f\B386329\atiumd6a.dll
0x00007ffa83280000 - 0x00007ffa836f4000 	C:\Windows\System32\SETUPAPI.dll
0x00007ffa82770000 - 0x00007ffa827bd000 	C:\Windows\SYSTEM32\POWRPROF.dll
0x00007ffa82750000 - 0x00007ffa82763000 	C:\Windows\SYSTEM32\UMPDC.dll
0x00007ffa787f0000 - 0x00007ffa78825000 	C:\Windows\SYSTEM32\amdihk64.dll
0x00007ffa7d9f0000 - 0x00007ffa7da3a000 	C:\Windows\SYSTEM32\directxdatabasehelper.dll
0x00007ffa77720000 - 0x00007ffa7774e000 	C:\Program Files\Java\jdk-17\bin\javajpeg.dll
0x00007ffa0f3b0000 - 0x00007ffa0f436000 	C:\Program Files\Java\jdk-17\bin\freetype.dll
0x00007ffa0f2e0000 - 0x00007ffa0f3a5000 	C:\Program Files\Java\jdk-17\bin\fontmanager.dll
0x00007ffa83a90000 - 0x00007ffa83b40000 	C:\Windows\System32\clbcatq.dll
0x00007ffa7dd30000 - 0x00007ffa7dee0000 	C:\Windows\SYSTEM32\WindowsCodecs.dll
0x00007ffa601d0000 - 0x00007ffa6022e000 	C:\Windows\system32\dataexchange.dll
0x00007ffa7c330000 - 0x00007ffa7c5b5000 	C:\Windows\system32\twinapi.appcore.dll
0x00007ffa67710000 - 0x00007ffa6785a000 	C:\Windows\SYSTEM32\textinputframework.dll

dbghelp: loaded successfully - version: 4.0.5 - missing functions: none
symbol engine: initialized successfully - sym options: 0x614 - pdb path: .;C:\Program Files\Java\jdk-17\bin;C:\Windows\SYSTEM32;C:\Windows\WinSxS\amd64_microsoft.windows.common-controls_6595b64144ccf1df_6.0.22621.2506_none_270c5ae97388e100;C:\Program Files\Java\jdk-17\bin\server;C:\Windows\System32\DriverStore\FileRepository\u0390931.inf_amd64_12d851e1980a239f\B386329

VM Arguments:
jvm_args: -Dfile.encoding=UTF-8 --module-path=C:\Users\HP\Documents\NetBeansProjects\hospitalmanagementsystem\build\classes 
java_command: hospitalmanagementsystem.PatientInfo
java_class_path (initial): C:\Users\HP\Documents\NetBeansProjects\hospitalmanagementsystem\lib\mysql-connector-java-8.0.28.jar;C:\Users\HP\Documents\NetBeansProjects\hospitalmanagementsystem\lib\hms.jar;C:\Users\HP\Documents\NetBeansProjects\hospitalmanagementsystem\build\classes
Launcher Type: SUN_STANDARD

[Global flags]
     intx CICompilerCount                          = 2                                         {product} {ergonomic}
     uint ConcGCThreads                            = 1                                         {product} {ergonomic}
     uint G1ConcRefinementThreads                  = 2                                         {product} {ergonomic}
   size_t G1HeapRegionSize                         = 1048576                                   {product} {ergonomic}
    uintx GCDrainStackTargetSize                   = 64                                        {product} {ergonomic}
   size_t InitialHeapSize                          = 100663296                                 {product} {ergonomic}
   size_t MarkStackSize                            = 4194304                                   {product} {ergonomic}
   size_t MaxHeapSize                              = 1595932672                                {product} {ergonomic}
   size_t MaxNewSize                               = 957349888                                 {product} {ergonomic}
   size_t MinHeapDeltaBytes                        = 1048576                                   {product} {ergonomic}
   size_t MinHeapSize                              = 8388608                                   {product} {ergonomic}
    uintx NonNMethodCodeHeapSize                   = 5826188                                {pd product} {ergonomic}
    uintx NonProfiledCodeHeapSize                  = 122916026                              {pd product} {ergonomic}
    uintx ProfiledCodeHeapSize                     = 122916026                              {pd product} {ergonomic}
    uintx ReservedCodeCacheSize                    = 251658240                              {pd product} {ergonomic}
     bool SegmentedCodeCache                       = true                                      {product} {ergonomic}
   size_t SoftMaxHeapSize                          = 1595932672                             {manageable} {ergonomic}
     bool UseCompressedClassPointers               = true                           {product lp64_product} {ergonomic}
     bool UseCompressedOops                        = true                           {product lp64_product} {ergonomic}
     bool UseG1GC                                  = true                                      {product} {ergonomic}
     bool UseLargePagesIndividualAllocation        = false                                  {pd product} {ergonomic}

Logging:
Log output configuration:
 #0: stdout all=warning uptime,level,tags
 #1: stderr all=off uptime,level,tags

Environment Variables:
PATH=C:\Program Files\Common Files\Oracle\Java\javapath;C:\Windows\system32;C:\Windows;C:\Windows\System32\Wbem;C:\Windows\System32\WindowsPowerShell\v1.0\;C:\Windows\System32\OpenSSH\;C:\Program Files\Microsoft SQL Server\150\Tools\Binn\;C:\Program Files\Java\jdk-17\bin;C:\Program Files\MySQL\MySQL Shell 8.0\bin\;C:\Users\HP\AppData\Local\Programs\Python\Python311\Scripts\;C:\Users\HP\AppData\Local\Programs\Python\Python311\;C:\Users\HP\AppData\Local\Microsoft\WindowsApps;;C:\Users\HP\AppData\Local\Programs\Microsoft VS Code\bin
USERNAME=HP
OS=Windows_NT
PROCESSOR_IDENTIFIER=AMD64 Family 23 Model 24 Stepping 1, AuthenticAMD



---------------  S Y S T E M  ---------------

OS:
 Windows 11 , 64 bit Build 22621 (10.0.22621.2506)
OS uptime: 0 days 8:25 hours

CPU: total 2 (initial active 2) (2 cores per cpu, 1 threads per core) family 23 model 24 stepping 1 microcode 0x0, cx8, cmov, fxsr, mmx, 3dnowpref, sse, sse2, sse3, ssse3, sse4a, sse4.1, sse4.2, popcnt, lzcnt, tsc, tscinvbit, avx, avx2, aes, clmul, bmi1, bmi2, adx, sha, fma, vzeroupper, clflush, clflushopt

Memory: 4k page, system-wide physical 6086M (265M free)
TotalPageFile size 24518M (AvailPageFile size 0M)
current process WorkingSet (physical memory assigned to process): 85M, peak: 85M
current process commit charge ("private bytes"): 205M, peak: 205M

vm_info: Java HotSpot(TM) 64-Bit Server VM (17.0.7+8-LTS-224) for windows-amd64 JRE (17.0.7+8-LTS-224), built on Feb 28 2023 23:03:02 by "mach5one" with MS VC++ 17.1 (VS2022)

END.
